Created by PLY version 3.11 (http://www.dabeaz.com/ply)

Unused terminals:

    AND
    ARRAY
    ARROW
    BOOL
    BREAK
    CALLMETHOD
    CASE
    CHARACTER
    CLASS
    COLLECTIONTYPE
    COMMENT
    CONTINUE
    DEFAULT
    DICTIONARYTYPE
    DIVIDE
    DOUBLE
    ELSE
    ENUM
    EQUALS
    FOR
    FUNC
    GREATERTHAN
    GUARD
    IF
    IMPORT
    IN
    INIT
    LBRACES
    LESSTHAN
    LPAREN
    MINUS
    MINUSONE
    MULTIPLY
    NOT
    NOTEQUALS
    OPTIONALVARIABLE
    OR
    PLUS
    PLUSONE
    PRINT
    PRIVATE
    PUBLIC
    RANGE
    RBRACES
    REPEAT
    RETURN
    RPAREN
    SET
    SETVARIABLE
    STATIC
    STRUCT
    SWITCH
    TYPEALIAS
    VALUESTYPE
    WHILE

Grammar

Rule 0     S' -> program
Rule 1     program -> statements
Rule 2     statements -> statements statement
Rule 3     statements -> statement
Rule 4     statement -> assignment_to_type
Rule 5     statement -> assignment_to_type_collection
Rule 6     variable_declarator -> LET
Rule 7     variable_declarator -> VAR
Rule 8     assignment_to_type -> variable_declarator VARIABLE COLON STRING ASSIGN WSTRING
Rule 9     assignment_to_type -> variable_declarator VARIABLE COLON INTEGER ASSIGN NUMBER
Rule 10    assignment_to_type -> variable_declarator VARIABLE COLON BOOLEAN ASSIGN TRUE
Rule 11    assignment_to_type -> variable_declarator VARIABLE COLON BOOLEAN ASSIGN FALSE
Rule 12    assignment_to_type -> variable_declarator VARIABLE COLON FLOAT ASSIGN DECIMAL
Rule 13    assignment_to_type_collection -> variable_declarator VARIABLE COLON LSQUAREBRACKET integer_options RSQUAREBRACKET ASSIGN LSQUAREBRACKET mul_integuer RSQUAREBRACKET
Rule 14    assignment_to_type_collection -> variable_declarator VARIABLE COLON LSQUAREBRACKET STRING RSQUAREBRACKET ASSIGN LSQUAREBRACKET mul_string RSQUAREBRACKET
Rule 15    assignment_to_type_collection -> variable_declarator VARIABLE COLON LSQUAREBRACKET BOOLEAN RSQUAREBRACKET ASSIGN LSQUAREBRACKET mul_booleano RSQUAREBRACKET
Rule 16    assignment_to_type_collection -> variable_declarator VARIABLE COLON LSQUAREBRACKET FLOAT RSQUAREBRACKET ASSIGN LSQUAREBRACKET mul_float RSQUAREBRACKET
Rule 17    integer_options -> INTEGER
Rule 18    integer_options -> INT
Rule 19    mul_integuer -> mul_integuer COMMA NUMBER
Rule 20    mul_integuer -> NUMBER
Rule 21    mul_string -> mul_string COMMA WSTRING
Rule 22    mul_string -> WSTRING
Rule 23    mul_booleano -> mul_booleano COMMA boolean_option
Rule 24    mul_booleano -> boolean_option
Rule 25    boolean_option -> TRUE
Rule 26    boolean_option -> FALSE
Rule 27    mul_float -> mul_float COMMA DECIMAL
Rule 28    mul_float -> DECIMAL

Terminals, with rules where they appear

AND                  : 
ARRAY                : 
ARROW                : 
ASSIGN               : 8 9 10 11 12 13 14 15 16
BOOL                 : 
BOOLEAN              : 10 11 15
BREAK                : 
CALLMETHOD           : 
CASE                 : 
CHARACTER            : 
CLASS                : 
COLLECTIONTYPE       : 
COLON                : 8 9 10 11 12 13 14 15 16
COMMA                : 19 21 23 27
COMMENT              : 
CONTINUE             : 
DECIMAL              : 12 27 28
DEFAULT              : 
DICTIONARYTYPE       : 
DIVIDE               : 
DOUBLE               : 
ELSE                 : 
ENUM                 : 
EQUALS               : 
FALSE                : 11 26
FLOAT                : 12 16
FOR                  : 
FUNC                 : 
GREATERTHAN          : 
GUARD                : 
IF                   : 
IMPORT               : 
IN                   : 
INIT                 : 
INT                  : 18
INTEGER              : 9 17
LBRACES              : 
LESSTHAN             : 
LET                  : 6
LPAREN               : 
LSQUAREBRACKET       : 13 13 14 14 15 15 16 16
MINUS                : 
MINUSONE             : 
MULTIPLY             : 
NOT                  : 
NOTEQUALS            : 
NUMBER               : 9 19 20
OPTIONALVARIABLE     : 
OR                   : 
PLUS                 : 
PLUSONE              : 
PRINT                : 
PRIVATE              : 
PUBLIC               : 
RANGE                : 
RBRACES              : 
REPEAT               : 
RETURN               : 
RPAREN               : 
RSQUAREBRACKET       : 13 13 14 14 15 15 16 16
SET                  : 
SETVARIABLE          : 
STATIC               : 
STRING               : 8 14
STRUCT               : 
SWITCH               : 
TRUE                 : 10 25
TYPEALIAS            : 
VALUESTYPE           : 
VAR                  : 7
VARIABLE             : 8 9 10 11 12 13 14 15 16
WHILE                : 
WSTRING              : 8 21 22
error                : 

Nonterminals, with rules where they appear

assignment_to_type   : 4
assignment_to_type_collection : 5
boolean_option       : 23 24
integer_options      : 13
mul_booleano         : 15 23
mul_float            : 16 27
mul_integuer         : 13 19
mul_string           : 14 21
program              : 0
statement            : 2 3
statements           : 1 2
variable_declarator  : 8 9 10 11 12 13 14 15 16

Parsing method: LALR

state 0

    (0) S' -> . program
    (1) program -> . statements
    (2) statements -> . statements statement
    (3) statements -> . statement
    (4) statement -> . assignment_to_type
    (5) statement -> . assignment_to_type_collection
    (8) assignment_to_type -> . variable_declarator VARIABLE COLON STRING ASSIGN WSTRING
    (9) assignment_to_type -> . variable_declarator VARIABLE COLON INTEGER ASSIGN NUMBER
    (10) assignment_to_type -> . variable_declarator VARIABLE COLON BOOLEAN ASSIGN TRUE
    (11) assignment_to_type -> . variable_declarator VARIABLE COLON BOOLEAN ASSIGN FALSE
    (12) assignment_to_type -> . variable_declarator VARIABLE COLON FLOAT ASSIGN DECIMAL
    (13) assignment_to_type_collection -> . variable_declarator VARIABLE COLON LSQUAREBRACKET integer_options RSQUAREBRACKET ASSIGN LSQUAREBRACKET mul_integuer RSQUAREBRACKET
    (14) assignment_to_type_collection -> . variable_declarator VARIABLE COLON LSQUAREBRACKET STRING RSQUAREBRACKET ASSIGN LSQUAREBRACKET mul_string RSQUAREBRACKET
    (15) assignment_to_type_collection -> . variable_declarator VARIABLE COLON LSQUAREBRACKET BOOLEAN RSQUAREBRACKET ASSIGN LSQUAREBRACKET mul_booleano RSQUAREBRACKET
    (16) assignment_to_type_collection -> . variable_declarator VARIABLE COLON LSQUAREBRACKET FLOAT RSQUAREBRACKET ASSIGN LSQUAREBRACKET mul_float RSQUAREBRACKET
    (6) variable_declarator -> . LET
    (7) variable_declarator -> . VAR

    LET             shift and go to state 7
    VAR             shift and go to state 8

    program                        shift and go to state 1
    statements                     shift and go to state 2
    statement                      shift and go to state 3
    assignment_to_type             shift and go to state 4
    assignment_to_type_collection  shift and go to state 5
    variable_declarator            shift and go to state 6

state 1

    (0) S' -> program .



state 2

    (1) program -> statements .
    (2) statements -> statements . statement
    (4) statement -> . assignment_to_type
    (5) statement -> . assignment_to_type_collection
    (8) assignment_to_type -> . variable_declarator VARIABLE COLON STRING ASSIGN WSTRING
    (9) assignment_to_type -> . variable_declarator VARIABLE COLON INTEGER ASSIGN NUMBER
    (10) assignment_to_type -> . variable_declarator VARIABLE COLON BOOLEAN ASSIGN TRUE
    (11) assignment_to_type -> . variable_declarator VARIABLE COLON BOOLEAN ASSIGN FALSE
    (12) assignment_to_type -> . variable_declarator VARIABLE COLON FLOAT ASSIGN DECIMAL
    (13) assignment_to_type_collection -> . variable_declarator VARIABLE COLON LSQUAREBRACKET integer_options RSQUAREBRACKET ASSIGN LSQUAREBRACKET mul_integuer RSQUAREBRACKET
    (14) assignment_to_type_collection -> . variable_declarator VARIABLE COLON LSQUAREBRACKET STRING RSQUAREBRACKET ASSIGN LSQUAREBRACKET mul_string RSQUAREBRACKET
    (15) assignment_to_type_collection -> . variable_declarator VARIABLE COLON LSQUAREBRACKET BOOLEAN RSQUAREBRACKET ASSIGN LSQUAREBRACKET mul_booleano RSQUAREBRACKET
    (16) assignment_to_type_collection -> . variable_declarator VARIABLE COLON LSQUAREBRACKET FLOAT RSQUAREBRACKET ASSIGN LSQUAREBRACKET mul_float RSQUAREBRACKET
    (6) variable_declarator -> . LET
    (7) variable_declarator -> . VAR

    $end            reduce using rule 1 (program -> statements .)
    LET             shift and go to state 7
    VAR             shift and go to state 8

    statement                      shift and go to state 9
    assignment_to_type             shift and go to state 4
    assignment_to_type_collection  shift and go to state 5
    variable_declarator            shift and go to state 6

state 3

    (3) statements -> statement .

    LET             reduce using rule 3 (statements -> statement .)
    VAR             reduce using rule 3 (statements -> statement .)
    $end            reduce using rule 3 (statements -> statement .)


state 4

    (4) statement -> assignment_to_type .

    LET             reduce using rule 4 (statement -> assignment_to_type .)
    VAR             reduce using rule 4 (statement -> assignment_to_type .)
    $end            reduce using rule 4 (statement -> assignment_to_type .)


state 5

    (5) statement -> assignment_to_type_collection .

    LET             reduce using rule 5 (statement -> assignment_to_type_collection .)
    VAR             reduce using rule 5 (statement -> assignment_to_type_collection .)
    $end            reduce using rule 5 (statement -> assignment_to_type_collection .)


state 6

    (8) assignment_to_type -> variable_declarator . VARIABLE COLON STRING ASSIGN WSTRING
    (9) assignment_to_type -> variable_declarator . VARIABLE COLON INTEGER ASSIGN NUMBER
    (10) assignment_to_type -> variable_declarator . VARIABLE COLON BOOLEAN ASSIGN TRUE
    (11) assignment_to_type -> variable_declarator . VARIABLE COLON BOOLEAN ASSIGN FALSE
    (12) assignment_to_type -> variable_declarator . VARIABLE COLON FLOAT ASSIGN DECIMAL
    (13) assignment_to_type_collection -> variable_declarator . VARIABLE COLON LSQUAREBRACKET integer_options RSQUAREBRACKET ASSIGN LSQUAREBRACKET mul_integuer RSQUAREBRACKET
    (14) assignment_to_type_collection -> variable_declarator . VARIABLE COLON LSQUAREBRACKET STRING RSQUAREBRACKET ASSIGN LSQUAREBRACKET mul_string RSQUAREBRACKET
    (15) assignment_to_type_collection -> variable_declarator . VARIABLE COLON LSQUAREBRACKET BOOLEAN RSQUAREBRACKET ASSIGN LSQUAREBRACKET mul_booleano RSQUAREBRACKET
    (16) assignment_to_type_collection -> variable_declarator . VARIABLE COLON LSQUAREBRACKET FLOAT RSQUAREBRACKET ASSIGN LSQUAREBRACKET mul_float RSQUAREBRACKET

    VARIABLE        shift and go to state 10


state 7

    (6) variable_declarator -> LET .

    VARIABLE        reduce using rule 6 (variable_declarator -> LET .)


state 8

    (7) variable_declarator -> VAR .

    VARIABLE        reduce using rule 7 (variable_declarator -> VAR .)


state 9

    (2) statements -> statements statement .

    LET             reduce using rule 2 (statements -> statements statement .)
    VAR             reduce using rule 2 (statements -> statements statement .)
    $end            reduce using rule 2 (statements -> statements statement .)


state 10

    (8) assignment_to_type -> variable_declarator VARIABLE . COLON STRING ASSIGN WSTRING
    (9) assignment_to_type -> variable_declarator VARIABLE . COLON INTEGER ASSIGN NUMBER
    (10) assignment_to_type -> variable_declarator VARIABLE . COLON BOOLEAN ASSIGN TRUE
    (11) assignment_to_type -> variable_declarator VARIABLE . COLON BOOLEAN ASSIGN FALSE
    (12) assignment_to_type -> variable_declarator VARIABLE . COLON FLOAT ASSIGN DECIMAL
    (13) assignment_to_type_collection -> variable_declarator VARIABLE . COLON LSQUAREBRACKET integer_options RSQUAREBRACKET ASSIGN LSQUAREBRACKET mul_integuer RSQUAREBRACKET
    (14) assignment_to_type_collection -> variable_declarator VARIABLE . COLON LSQUAREBRACKET STRING RSQUAREBRACKET ASSIGN LSQUAREBRACKET mul_string RSQUAREBRACKET
    (15) assignment_to_type_collection -> variable_declarator VARIABLE . COLON LSQUAREBRACKET BOOLEAN RSQUAREBRACKET ASSIGN LSQUAREBRACKET mul_booleano RSQUAREBRACKET
    (16) assignment_to_type_collection -> variable_declarator VARIABLE . COLON LSQUAREBRACKET FLOAT RSQUAREBRACKET ASSIGN LSQUAREBRACKET mul_float RSQUAREBRACKET

    COLON           shift and go to state 11


state 11

    (8) assignment_to_type -> variable_declarator VARIABLE COLON . STRING ASSIGN WSTRING
    (9) assignment_to_type -> variable_declarator VARIABLE COLON . INTEGER ASSIGN NUMBER
    (10) assignment_to_type -> variable_declarator VARIABLE COLON . BOOLEAN ASSIGN TRUE
    (11) assignment_to_type -> variable_declarator VARIABLE COLON . BOOLEAN ASSIGN FALSE
    (12) assignment_to_type -> variable_declarator VARIABLE COLON . FLOAT ASSIGN DECIMAL
    (13) assignment_to_type_collection -> variable_declarator VARIABLE COLON . LSQUAREBRACKET integer_options RSQUAREBRACKET ASSIGN LSQUAREBRACKET mul_integuer RSQUAREBRACKET
    (14) assignment_to_type_collection -> variable_declarator VARIABLE COLON . LSQUAREBRACKET STRING RSQUAREBRACKET ASSIGN LSQUAREBRACKET mul_string RSQUAREBRACKET
    (15) assignment_to_type_collection -> variable_declarator VARIABLE COLON . LSQUAREBRACKET BOOLEAN RSQUAREBRACKET ASSIGN LSQUAREBRACKET mul_booleano RSQUAREBRACKET
    (16) assignment_to_type_collection -> variable_declarator VARIABLE COLON . LSQUAREBRACKET FLOAT RSQUAREBRACKET ASSIGN LSQUAREBRACKET mul_float RSQUAREBRACKET

    STRING          shift and go to state 12
    INTEGER         shift and go to state 13
    BOOLEAN         shift and go to state 14
    FLOAT           shift and go to state 15
    LSQUAREBRACKET  shift and go to state 16


state 12

    (8) assignment_to_type -> variable_declarator VARIABLE COLON STRING . ASSIGN WSTRING

    ASSIGN          shift and go to state 17


state 13

    (9) assignment_to_type -> variable_declarator VARIABLE COLON INTEGER . ASSIGN NUMBER

    ASSIGN          shift and go to state 18


state 14

    (10) assignment_to_type -> variable_declarator VARIABLE COLON BOOLEAN . ASSIGN TRUE
    (11) assignment_to_type -> variable_declarator VARIABLE COLON BOOLEAN . ASSIGN FALSE

    ASSIGN          shift and go to state 19


state 15

    (12) assignment_to_type -> variable_declarator VARIABLE COLON FLOAT . ASSIGN DECIMAL

    ASSIGN          shift and go to state 20


state 16

    (13) assignment_to_type_collection -> variable_declarator VARIABLE COLON LSQUAREBRACKET . integer_options RSQUAREBRACKET ASSIGN LSQUAREBRACKET mul_integuer RSQUAREBRACKET
    (14) assignment_to_type_collection -> variable_declarator VARIABLE COLON LSQUAREBRACKET . STRING RSQUAREBRACKET ASSIGN LSQUAREBRACKET mul_string RSQUAREBRACKET
    (15) assignment_to_type_collection -> variable_declarator VARIABLE COLON LSQUAREBRACKET . BOOLEAN RSQUAREBRACKET ASSIGN LSQUAREBRACKET mul_booleano RSQUAREBRACKET
    (16) assignment_to_type_collection -> variable_declarator VARIABLE COLON LSQUAREBRACKET . FLOAT RSQUAREBRACKET ASSIGN LSQUAREBRACKET mul_float RSQUAREBRACKET
    (17) integer_options -> . INTEGER
    (18) integer_options -> . INT

    STRING          shift and go to state 22
    BOOLEAN         shift and go to state 23
    FLOAT           shift and go to state 24
    INTEGER         shift and go to state 25
    INT             shift and go to state 26

    integer_options                shift and go to state 21

state 17

    (8) assignment_to_type -> variable_declarator VARIABLE COLON STRING ASSIGN . WSTRING

    WSTRING         shift and go to state 27


state 18

    (9) assignment_to_type -> variable_declarator VARIABLE COLON INTEGER ASSIGN . NUMBER

    NUMBER          shift and go to state 28


state 19

    (10) assignment_to_type -> variable_declarator VARIABLE COLON BOOLEAN ASSIGN . TRUE
    (11) assignment_to_type -> variable_declarator VARIABLE COLON BOOLEAN ASSIGN . FALSE

    TRUE            shift and go to state 29
    FALSE           shift and go to state 30


state 20

    (12) assignment_to_type -> variable_declarator VARIABLE COLON FLOAT ASSIGN . DECIMAL

    DECIMAL         shift and go to state 31


state 21

    (13) assignment_to_type_collection -> variable_declarator VARIABLE COLON LSQUAREBRACKET integer_options . RSQUAREBRACKET ASSIGN LSQUAREBRACKET mul_integuer RSQUAREBRACKET

    RSQUAREBRACKET  shift and go to state 32


state 22

    (14) assignment_to_type_collection -> variable_declarator VARIABLE COLON LSQUAREBRACKET STRING . RSQUAREBRACKET ASSIGN LSQUAREBRACKET mul_string RSQUAREBRACKET

    RSQUAREBRACKET  shift and go to state 33


state 23

    (15) assignment_to_type_collection -> variable_declarator VARIABLE COLON LSQUAREBRACKET BOOLEAN . RSQUAREBRACKET ASSIGN LSQUAREBRACKET mul_booleano RSQUAREBRACKET

    RSQUAREBRACKET  shift and go to state 34


state 24

    (16) assignment_to_type_collection -> variable_declarator VARIABLE COLON LSQUAREBRACKET FLOAT . RSQUAREBRACKET ASSIGN LSQUAREBRACKET mul_float RSQUAREBRACKET

    RSQUAREBRACKET  shift and go to state 35


state 25

    (17) integer_options -> INTEGER .

    RSQUAREBRACKET  reduce using rule 17 (integer_options -> INTEGER .)


state 26

    (18) integer_options -> INT .

    RSQUAREBRACKET  reduce using rule 18 (integer_options -> INT .)


state 27

    (8) assignment_to_type -> variable_declarator VARIABLE COLON STRING ASSIGN WSTRING .

    LET             reduce using rule 8 (assignment_to_type -> variable_declarator VARIABLE COLON STRING ASSIGN WSTRING .)
    VAR             reduce using rule 8 (assignment_to_type -> variable_declarator VARIABLE COLON STRING ASSIGN WSTRING .)
    $end            reduce using rule 8 (assignment_to_type -> variable_declarator VARIABLE COLON STRING ASSIGN WSTRING .)


state 28

    (9) assignment_to_type -> variable_declarator VARIABLE COLON INTEGER ASSIGN NUMBER .

    LET             reduce using rule 9 (assignment_to_type -> variable_declarator VARIABLE COLON INTEGER ASSIGN NUMBER .)
    VAR             reduce using rule 9 (assignment_to_type -> variable_declarator VARIABLE COLON INTEGER ASSIGN NUMBER .)
    $end            reduce using rule 9 (assignment_to_type -> variable_declarator VARIABLE COLON INTEGER ASSIGN NUMBER .)


state 29

    (10) assignment_to_type -> variable_declarator VARIABLE COLON BOOLEAN ASSIGN TRUE .

    LET             reduce using rule 10 (assignment_to_type -> variable_declarator VARIABLE COLON BOOLEAN ASSIGN TRUE .)
    VAR             reduce using rule 10 (assignment_to_type -> variable_declarator VARIABLE COLON BOOLEAN ASSIGN TRUE .)
    $end            reduce using rule 10 (assignment_to_type -> variable_declarator VARIABLE COLON BOOLEAN ASSIGN TRUE .)


state 30

    (11) assignment_to_type -> variable_declarator VARIABLE COLON BOOLEAN ASSIGN FALSE .

    LET             reduce using rule 11 (assignment_to_type -> variable_declarator VARIABLE COLON BOOLEAN ASSIGN FALSE .)
    VAR             reduce using rule 11 (assignment_to_type -> variable_declarator VARIABLE COLON BOOLEAN ASSIGN FALSE .)
    $end            reduce using rule 11 (assignment_to_type -> variable_declarator VARIABLE COLON BOOLEAN ASSIGN FALSE .)


state 31

    (12) assignment_to_type -> variable_declarator VARIABLE COLON FLOAT ASSIGN DECIMAL .

    LET             reduce using rule 12 (assignment_to_type -> variable_declarator VARIABLE COLON FLOAT ASSIGN DECIMAL .)
    VAR             reduce using rule 12 (assignment_to_type -> variable_declarator VARIABLE COLON FLOAT ASSIGN DECIMAL .)
    $end            reduce using rule 12 (assignment_to_type -> variable_declarator VARIABLE COLON FLOAT ASSIGN DECIMAL .)


state 32

    (13) assignment_to_type_collection -> variable_declarator VARIABLE COLON LSQUAREBRACKET integer_options RSQUAREBRACKET . ASSIGN LSQUAREBRACKET mul_integuer RSQUAREBRACKET

    ASSIGN          shift and go to state 36


state 33

    (14) assignment_to_type_collection -> variable_declarator VARIABLE COLON LSQUAREBRACKET STRING RSQUAREBRACKET . ASSIGN LSQUAREBRACKET mul_string RSQUAREBRACKET

    ASSIGN          shift and go to state 37


state 34

    (15) assignment_to_type_collection -> variable_declarator VARIABLE COLON LSQUAREBRACKET BOOLEAN RSQUAREBRACKET . ASSIGN LSQUAREBRACKET mul_booleano RSQUAREBRACKET

    ASSIGN          shift and go to state 38


state 35

    (16) assignment_to_type_collection -> variable_declarator VARIABLE COLON LSQUAREBRACKET FLOAT RSQUAREBRACKET . ASSIGN LSQUAREBRACKET mul_float RSQUAREBRACKET

    ASSIGN          shift and go to state 39


state 36

    (13) assignment_to_type_collection -> variable_declarator VARIABLE COLON LSQUAREBRACKET integer_options RSQUAREBRACKET ASSIGN . LSQUAREBRACKET mul_integuer RSQUAREBRACKET

    LSQUAREBRACKET  shift and go to state 40


state 37

    (14) assignment_to_type_collection -> variable_declarator VARIABLE COLON LSQUAREBRACKET STRING RSQUAREBRACKET ASSIGN . LSQUAREBRACKET mul_string RSQUAREBRACKET

    LSQUAREBRACKET  shift and go to state 41


state 38

    (15) assignment_to_type_collection -> variable_declarator VARIABLE COLON LSQUAREBRACKET BOOLEAN RSQUAREBRACKET ASSIGN . LSQUAREBRACKET mul_booleano RSQUAREBRACKET

    LSQUAREBRACKET  shift and go to state 42


state 39

    (16) assignment_to_type_collection -> variable_declarator VARIABLE COLON LSQUAREBRACKET FLOAT RSQUAREBRACKET ASSIGN . LSQUAREBRACKET mul_float RSQUAREBRACKET

    LSQUAREBRACKET  shift and go to state 43


state 40

    (13) assignment_to_type_collection -> variable_declarator VARIABLE COLON LSQUAREBRACKET integer_options RSQUAREBRACKET ASSIGN LSQUAREBRACKET . mul_integuer RSQUAREBRACKET
    (19) mul_integuer -> . mul_integuer COMMA NUMBER
    (20) mul_integuer -> . NUMBER

    NUMBER          shift and go to state 45

    mul_integuer                   shift and go to state 44

state 41

    (14) assignment_to_type_collection -> variable_declarator VARIABLE COLON LSQUAREBRACKET STRING RSQUAREBRACKET ASSIGN LSQUAREBRACKET . mul_string RSQUAREBRACKET
    (21) mul_string -> . mul_string COMMA WSTRING
    (22) mul_string -> . WSTRING

    WSTRING         shift and go to state 47

    mul_string                     shift and go to state 46

state 42

    (15) assignment_to_type_collection -> variable_declarator VARIABLE COLON LSQUAREBRACKET BOOLEAN RSQUAREBRACKET ASSIGN LSQUAREBRACKET . mul_booleano RSQUAREBRACKET
    (23) mul_booleano -> . mul_booleano COMMA boolean_option
    (24) mul_booleano -> . boolean_option
    (25) boolean_option -> . TRUE
    (26) boolean_option -> . FALSE

    TRUE            shift and go to state 50
    FALSE           shift and go to state 51

    mul_booleano                   shift and go to state 48
    boolean_option                 shift and go to state 49

state 43

    (16) assignment_to_type_collection -> variable_declarator VARIABLE COLON LSQUAREBRACKET FLOAT RSQUAREBRACKET ASSIGN LSQUAREBRACKET . mul_float RSQUAREBRACKET
    (27) mul_float -> . mul_float COMMA DECIMAL
    (28) mul_float -> . DECIMAL

    DECIMAL         shift and go to state 53

    mul_float                      shift and go to state 52

state 44

    (13) assignment_to_type_collection -> variable_declarator VARIABLE COLON LSQUAREBRACKET integer_options RSQUAREBRACKET ASSIGN LSQUAREBRACKET mul_integuer . RSQUAREBRACKET
    (19) mul_integuer -> mul_integuer . COMMA NUMBER

    RSQUAREBRACKET  shift and go to state 54
    COMMA           shift and go to state 55


state 45

    (20) mul_integuer -> NUMBER .

    RSQUAREBRACKET  reduce using rule 20 (mul_integuer -> NUMBER .)
    COMMA           reduce using rule 20 (mul_integuer -> NUMBER .)


state 46

    (14) assignment_to_type_collection -> variable_declarator VARIABLE COLON LSQUAREBRACKET STRING RSQUAREBRACKET ASSIGN LSQUAREBRACKET mul_string . RSQUAREBRACKET
    (21) mul_string -> mul_string . COMMA WSTRING

    RSQUAREBRACKET  shift and go to state 56
    COMMA           shift and go to state 57


state 47

    (22) mul_string -> WSTRING .

    RSQUAREBRACKET  reduce using rule 22 (mul_string -> WSTRING .)
    COMMA           reduce using rule 22 (mul_string -> WSTRING .)


state 48

    (15) assignment_to_type_collection -> variable_declarator VARIABLE COLON LSQUAREBRACKET BOOLEAN RSQUAREBRACKET ASSIGN LSQUAREBRACKET mul_booleano . RSQUAREBRACKET
    (23) mul_booleano -> mul_booleano . COMMA boolean_option

    RSQUAREBRACKET  shift and go to state 58
    COMMA           shift and go to state 59


state 49

    (24) mul_booleano -> boolean_option .

    RSQUAREBRACKET  reduce using rule 24 (mul_booleano -> boolean_option .)
    COMMA           reduce using rule 24 (mul_booleano -> boolean_option .)


state 50

    (25) boolean_option -> TRUE .

    RSQUAREBRACKET  reduce using rule 25 (boolean_option -> TRUE .)
    COMMA           reduce using rule 25 (boolean_option -> TRUE .)


state 51

    (26) boolean_option -> FALSE .

    RSQUAREBRACKET  reduce using rule 26 (boolean_option -> FALSE .)
    COMMA           reduce using rule 26 (boolean_option -> FALSE .)


state 52

    (16) assignment_to_type_collection -> variable_declarator VARIABLE COLON LSQUAREBRACKET FLOAT RSQUAREBRACKET ASSIGN LSQUAREBRACKET mul_float . RSQUAREBRACKET
    (27) mul_float -> mul_float . COMMA DECIMAL

    RSQUAREBRACKET  shift and go to state 60
    COMMA           shift and go to state 61


state 53

    (28) mul_float -> DECIMAL .

    RSQUAREBRACKET  reduce using rule 28 (mul_float -> DECIMAL .)
    COMMA           reduce using rule 28 (mul_float -> DECIMAL .)


state 54

    (13) assignment_to_type_collection -> variable_declarator VARIABLE COLON LSQUAREBRACKET integer_options RSQUAREBRACKET ASSIGN LSQUAREBRACKET mul_integuer RSQUAREBRACKET .

    LET             reduce using rule 13 (assignment_to_type_collection -> variable_declarator VARIABLE COLON LSQUAREBRACKET integer_options RSQUAREBRACKET ASSIGN LSQUAREBRACKET mul_integuer RSQUAREBRACKET .)
    VAR             reduce using rule 13 (assignment_to_type_collection -> variable_declarator VARIABLE COLON LSQUAREBRACKET integer_options RSQUAREBRACKET ASSIGN LSQUAREBRACKET mul_integuer RSQUAREBRACKET .)
    $end            reduce using rule 13 (assignment_to_type_collection -> variable_declarator VARIABLE COLON LSQUAREBRACKET integer_options RSQUAREBRACKET ASSIGN LSQUAREBRACKET mul_integuer RSQUAREBRACKET .)


state 55

    (19) mul_integuer -> mul_integuer COMMA . NUMBER

    NUMBER          shift and go to state 62


state 56

    (14) assignment_to_type_collection -> variable_declarator VARIABLE COLON LSQUAREBRACKET STRING RSQUAREBRACKET ASSIGN LSQUAREBRACKET mul_string RSQUAREBRACKET .

    LET             reduce using rule 14 (assignment_to_type_collection -> variable_declarator VARIABLE COLON LSQUAREBRACKET STRING RSQUAREBRACKET ASSIGN LSQUAREBRACKET mul_string RSQUAREBRACKET .)
    VAR             reduce using rule 14 (assignment_to_type_collection -> variable_declarator VARIABLE COLON LSQUAREBRACKET STRING RSQUAREBRACKET ASSIGN LSQUAREBRACKET mul_string RSQUAREBRACKET .)
    $end            reduce using rule 14 (assignment_to_type_collection -> variable_declarator VARIABLE COLON LSQUAREBRACKET STRING RSQUAREBRACKET ASSIGN LSQUAREBRACKET mul_string RSQUAREBRACKET .)


state 57

    (21) mul_string -> mul_string COMMA . WSTRING

    WSTRING         shift and go to state 63


state 58

    (15) assignment_to_type_collection -> variable_declarator VARIABLE COLON LSQUAREBRACKET BOOLEAN RSQUAREBRACKET ASSIGN LSQUAREBRACKET mul_booleano RSQUAREBRACKET .

    LET             reduce using rule 15 (assignment_to_type_collection -> variable_declarator VARIABLE COLON LSQUAREBRACKET BOOLEAN RSQUAREBRACKET ASSIGN LSQUAREBRACKET mul_booleano RSQUAREBRACKET .)
    VAR             reduce using rule 15 (assignment_to_type_collection -> variable_declarator VARIABLE COLON LSQUAREBRACKET BOOLEAN RSQUAREBRACKET ASSIGN LSQUAREBRACKET mul_booleano RSQUAREBRACKET .)
    $end            reduce using rule 15 (assignment_to_type_collection -> variable_declarator VARIABLE COLON LSQUAREBRACKET BOOLEAN RSQUAREBRACKET ASSIGN LSQUAREBRACKET mul_booleano RSQUAREBRACKET .)


state 59

    (23) mul_booleano -> mul_booleano COMMA . boolean_option
    (25) boolean_option -> . TRUE
    (26) boolean_option -> . FALSE

    TRUE            shift and go to state 50
    FALSE           shift and go to state 51

    boolean_option                 shift and go to state 64

state 60

    (16) assignment_to_type_collection -> variable_declarator VARIABLE COLON LSQUAREBRACKET FLOAT RSQUAREBRACKET ASSIGN LSQUAREBRACKET mul_float RSQUAREBRACKET .

    LET             reduce using rule 16 (assignment_to_type_collection -> variable_declarator VARIABLE COLON LSQUAREBRACKET FLOAT RSQUAREBRACKET ASSIGN LSQUAREBRACKET mul_float RSQUAREBRACKET .)
    VAR             reduce using rule 16 (assignment_to_type_collection -> variable_declarator VARIABLE COLON LSQUAREBRACKET FLOAT RSQUAREBRACKET ASSIGN LSQUAREBRACKET mul_float RSQUAREBRACKET .)
    $end            reduce using rule 16 (assignment_to_type_collection -> variable_declarator VARIABLE COLON LSQUAREBRACKET FLOAT RSQUAREBRACKET ASSIGN LSQUAREBRACKET mul_float RSQUAREBRACKET .)


state 61

    (27) mul_float -> mul_float COMMA . DECIMAL

    DECIMAL         shift and go to state 65


state 62

    (19) mul_integuer -> mul_integuer COMMA NUMBER .

    RSQUAREBRACKET  reduce using rule 19 (mul_integuer -> mul_integuer COMMA NUMBER .)
    COMMA           reduce using rule 19 (mul_integuer -> mul_integuer COMMA NUMBER .)


state 63

    (21) mul_string -> mul_string COMMA WSTRING .

    RSQUAREBRACKET  reduce using rule 21 (mul_string -> mul_string COMMA WSTRING .)
    COMMA           reduce using rule 21 (mul_string -> mul_string COMMA WSTRING .)


state 64

    (23) mul_booleano -> mul_booleano COMMA boolean_option .

    RSQUAREBRACKET  reduce using rule 23 (mul_booleano -> mul_booleano COMMA boolean_option .)
    COMMA           reduce using rule 23 (mul_booleano -> mul_booleano COMMA boolean_option .)


state 65

    (27) mul_float -> mul_float COMMA DECIMAL .

    RSQUAREBRACKET  reduce using rule 27 (mul_float -> mul_float COMMA DECIMAL .)
    COMMA           reduce using rule 27 (mul_float -> mul_float COMMA DECIMAL .)

