Created by PLY version 3.11 (http://www.dabeaz.com/ply)

Unused terminals:

    ARRAY
    ARROW
    CALLMETHOD
    CASE
    CHARACTER
    CLASS
    COLLECTIONTYPE
    COLON
    COMMA
    COMMENT
    CONTINUE
    DEFAULT
    DICTIONARYTYPE
    ENUM
    FALSE
    FOR
    FUNC
    GUARD
    IMPORT
    IN
    INIT
    INT
    LSQUAREBRACKET
    MINUSONE
    NUMBER
    OPTIONALVARIABLE
    PLUSONE
    PRIVATE
    PUBLIC
    RANGE
    REPEAT
    RETURN
    RSQUAREBRACKET
    SET
    SETVARIABLE
    STATIC
    STRUCT
    SWITCH
    TRUE
    TYPEALIAS
    VALUESTYPE
    WHILE
    WSTRING

Grammar

Rule 0     S' -> program
Rule 1     program -> statements
Rule 2     statements -> statements statement
Rule 3     statements -> statement
Rule 4     statement -> assignment_statement
Rule 5     statement -> print_statement
Rule 6     assignment_statement -> LET VARIABLE ASSIGN expression
Rule 7     assignment_statement -> VAR VARIABLE ASSIGN expression
Rule 8     print_statement -> PRINT LPAREN expression RPAREN
Rule 9     if_statement -> IF LPAREN expression RPAREN LBRACES statements RBRACES
Rule 10    if_statement -> IF LPAREN expression RPAREN LBRACES statements RBRACES ELSE LBRACES statements RBRACES
Rule 11    data_type -> INTEGER
Rule 12    data_type -> STRING
Rule 13    data_type -> BOOLEAN
Rule 14    data_type -> DOUBLE
Rule 15    data_type -> FLOAT
Rule 16    break_statement -> BREAK
Rule 17    expression -> expression PLUS expression
Rule 18    expression -> expression MINUS expression
Rule 19    expression -> expression MULTIPLY expression
Rule 20    expression -> expression DIVIDE expression
Rule 21    expression -> expression GREATERTHAN expression
Rule 22    expression -> expression LESSTHAN expression
Rule 23    expression -> expression EQUALS expression
Rule 24    expression -> expression NOTEQUALS expression
Rule 25    expression -> expression AND expression
Rule 26    expression -> expression OR expression
Rule 27    expression -> LPAREN expression RPAREN
Rule 28    expression -> NOT expression
Rule 29    expression -> VARIABLE
Rule 30    expression -> BOOL
Rule 31    expression -> DECIMAL

Terminals, with rules where they appear

AND                  : 25
ARRAY                : 
ARROW                : 
ASSIGN               : 6 7
BOOL                 : 30
BOOLEAN              : 13
BREAK                : 16
CALLMETHOD           : 
CASE                 : 
CHARACTER            : 
CLASS                : 
COLLECTIONTYPE       : 
COLON                : 
COMMA                : 
COMMENT              : 
CONTINUE             : 
DECIMAL              : 31
DEFAULT              : 
DICTIONARYTYPE       : 
DIVIDE               : 20
DOUBLE               : 14
ELSE                 : 10
ENUM                 : 
EQUALS               : 23
FALSE                : 
FLOAT                : 15
FOR                  : 
FUNC                 : 
GREATERTHAN          : 21
GUARD                : 
IF                   : 9 10
IMPORT               : 
IN                   : 
INIT                 : 
INT                  : 
INTEGER              : 11
LBRACES              : 9 10 10
LESSTHAN             : 22
LET                  : 6
LPAREN               : 8 9 10 27
LSQUAREBRACKET       : 
MINUS                : 18
MINUSONE             : 
MULTIPLY             : 19
NOT                  : 28
NOTEQUALS            : 24
NUMBER               : 
OPTIONALVARIABLE     : 
OR                   : 26
PLUS                 : 17
PLUSONE              : 
PRINT                : 8
PRIVATE              : 
PUBLIC               : 
RANGE                : 
RBRACES              : 9 10 10
REPEAT               : 
RETURN               : 
RPAREN               : 8 9 10 27
RSQUAREBRACKET       : 
SET                  : 
SETVARIABLE          : 
STATIC               : 
STRING               : 12
STRUCT               : 
SWITCH               : 
TRUE                 : 
TYPEALIAS            : 
VALUESTYPE           : 
VAR                  : 7
VARIABLE             : 6 7 29
WHILE                : 
WSTRING              : 
error                : 

Nonterminals, with rules where they appear

assignment_statement : 4
break_statement      : 
data_type            : 
expression           : 6 7 8 9 10 17 17 18 18 19 19 20 20 21 21 22 22 23 23 24 24 25 25 26 26 27 28
if_statement         : 
print_statement      : 5
program              : 0
statement            : 2 3
statements           : 1 2 9 10 10

Parsing method: LALR

state 0

    (0) S' -> . program
    (1) program -> . statements
    (2) statements -> . statements statement
    (3) statements -> . statement
    (4) statement -> . assignment_statement
    (5) statement -> . print_statement
    (6) assignment_statement -> . LET VARIABLE ASSIGN expression
    (7) assignment_statement -> . VAR VARIABLE ASSIGN expression
    (8) print_statement -> . PRINT LPAREN expression RPAREN

    LET             shift and go to state 6
    VAR             shift and go to state 7
    PRINT           shift and go to state 8

    program                        shift and go to state 1
    statements                     shift and go to state 2
    statement                      shift and go to state 3
    assignment_statement           shift and go to state 4
    print_statement                shift and go to state 5

state 1

    (0) S' -> program .



state 2

    (1) program -> statements .
    (2) statements -> statements . statement
    (4) statement -> . assignment_statement
    (5) statement -> . print_statement
    (6) assignment_statement -> . LET VARIABLE ASSIGN expression
    (7) assignment_statement -> . VAR VARIABLE ASSIGN expression
    (8) print_statement -> . PRINT LPAREN expression RPAREN

    $end            reduce using rule 1 (program -> statements .)
    LET             shift and go to state 6
    VAR             shift and go to state 7
    PRINT           shift and go to state 8

    statement                      shift and go to state 9
    assignment_statement           shift and go to state 4
    print_statement                shift and go to state 5

state 3

    (3) statements -> statement .

    LET             reduce using rule 3 (statements -> statement .)
    VAR             reduce using rule 3 (statements -> statement .)
    PRINT           reduce using rule 3 (statements -> statement .)
    $end            reduce using rule 3 (statements -> statement .)


state 4

    (4) statement -> assignment_statement .

    LET             reduce using rule 4 (statement -> assignment_statement .)
    VAR             reduce using rule 4 (statement -> assignment_statement .)
    PRINT           reduce using rule 4 (statement -> assignment_statement .)
    $end            reduce using rule 4 (statement -> assignment_statement .)


state 5

    (5) statement -> print_statement .

    LET             reduce using rule 5 (statement -> print_statement .)
    VAR             reduce using rule 5 (statement -> print_statement .)
    PRINT           reduce using rule 5 (statement -> print_statement .)
    $end            reduce using rule 5 (statement -> print_statement .)


state 6

    (6) assignment_statement -> LET . VARIABLE ASSIGN expression

    VARIABLE        shift and go to state 10


state 7

    (7) assignment_statement -> VAR . VARIABLE ASSIGN expression

    VARIABLE        shift and go to state 11


state 8

    (8) print_statement -> PRINT . LPAREN expression RPAREN

    LPAREN          shift and go to state 12


state 9

    (2) statements -> statements statement .

    LET             reduce using rule 2 (statements -> statements statement .)
    VAR             reduce using rule 2 (statements -> statements statement .)
    PRINT           reduce using rule 2 (statements -> statements statement .)
    $end            reduce using rule 2 (statements -> statements statement .)


state 10

    (6) assignment_statement -> LET VARIABLE . ASSIGN expression

    ASSIGN          shift and go to state 13


state 11

    (7) assignment_statement -> VAR VARIABLE . ASSIGN expression

    ASSIGN          shift and go to state 14


state 12

    (8) print_statement -> PRINT LPAREN . expression RPAREN
    (17) expression -> . expression PLUS expression
    (18) expression -> . expression MINUS expression
    (19) expression -> . expression MULTIPLY expression
    (20) expression -> . expression DIVIDE expression
    (21) expression -> . expression GREATERTHAN expression
    (22) expression -> . expression LESSTHAN expression
    (23) expression -> . expression EQUALS expression
    (24) expression -> . expression NOTEQUALS expression
    (25) expression -> . expression AND expression
    (26) expression -> . expression OR expression
    (27) expression -> . LPAREN expression RPAREN
    (28) expression -> . NOT expression
    (29) expression -> . VARIABLE
    (30) expression -> . BOOL
    (31) expression -> . DECIMAL

    LPAREN          shift and go to state 15
    NOT             shift and go to state 17
    VARIABLE        shift and go to state 18
    BOOL            shift and go to state 19
    DECIMAL         shift and go to state 20

    expression                     shift and go to state 16

state 13

    (6) assignment_statement -> LET VARIABLE ASSIGN . expression
    (17) expression -> . expression PLUS expression
    (18) expression -> . expression MINUS expression
    (19) expression -> . expression MULTIPLY expression
    (20) expression -> . expression DIVIDE expression
    (21) expression -> . expression GREATERTHAN expression
    (22) expression -> . expression LESSTHAN expression
    (23) expression -> . expression EQUALS expression
    (24) expression -> . expression NOTEQUALS expression
    (25) expression -> . expression AND expression
    (26) expression -> . expression OR expression
    (27) expression -> . LPAREN expression RPAREN
    (28) expression -> . NOT expression
    (29) expression -> . VARIABLE
    (30) expression -> . BOOL
    (31) expression -> . DECIMAL

    LPAREN          shift and go to state 15
    NOT             shift and go to state 17
    VARIABLE        shift and go to state 18
    BOOL            shift and go to state 19
    DECIMAL         shift and go to state 20

    expression                     shift and go to state 21

state 14

    (7) assignment_statement -> VAR VARIABLE ASSIGN . expression
    (17) expression -> . expression PLUS expression
    (18) expression -> . expression MINUS expression
    (19) expression -> . expression MULTIPLY expression
    (20) expression -> . expression DIVIDE expression
    (21) expression -> . expression GREATERTHAN expression
    (22) expression -> . expression LESSTHAN expression
    (23) expression -> . expression EQUALS expression
    (24) expression -> . expression NOTEQUALS expression
    (25) expression -> . expression AND expression
    (26) expression -> . expression OR expression
    (27) expression -> . LPAREN expression RPAREN
    (28) expression -> . NOT expression
    (29) expression -> . VARIABLE
    (30) expression -> . BOOL
    (31) expression -> . DECIMAL

    LPAREN          shift and go to state 15
    NOT             shift and go to state 17
    VARIABLE        shift and go to state 18
    BOOL            shift and go to state 19
    DECIMAL         shift and go to state 20

    expression                     shift and go to state 22

state 15

    (27) expression -> LPAREN . expression RPAREN
    (17) expression -> . expression PLUS expression
    (18) expression -> . expression MINUS expression
    (19) expression -> . expression MULTIPLY expression
    (20) expression -> . expression DIVIDE expression
    (21) expression -> . expression GREATERTHAN expression
    (22) expression -> . expression LESSTHAN expression
    (23) expression -> . expression EQUALS expression
    (24) expression -> . expression NOTEQUALS expression
    (25) expression -> . expression AND expression
    (26) expression -> . expression OR expression
    (27) expression -> . LPAREN expression RPAREN
    (28) expression -> . NOT expression
    (29) expression -> . VARIABLE
    (30) expression -> . BOOL
    (31) expression -> . DECIMAL

    LPAREN          shift and go to state 15
    NOT             shift and go to state 17
    VARIABLE        shift and go to state 18
    BOOL            shift and go to state 19
    DECIMAL         shift and go to state 20

    expression                     shift and go to state 23

state 16

    (8) print_statement -> PRINT LPAREN expression . RPAREN
    (17) expression -> expression . PLUS expression
    (18) expression -> expression . MINUS expression
    (19) expression -> expression . MULTIPLY expression
    (20) expression -> expression . DIVIDE expression
    (21) expression -> expression . GREATERTHAN expression
    (22) expression -> expression . LESSTHAN expression
    (23) expression -> expression . EQUALS expression
    (24) expression -> expression . NOTEQUALS expression
    (25) expression -> expression . AND expression
    (26) expression -> expression . OR expression

    RPAREN          shift and go to state 24
    PLUS            shift and go to state 25
    MINUS           shift and go to state 26
    MULTIPLY        shift and go to state 27
    DIVIDE          shift and go to state 28
    GREATERTHAN     shift and go to state 29
    LESSTHAN        shift and go to state 30
    EQUALS          shift and go to state 31
    NOTEQUALS       shift and go to state 32
    AND             shift and go to state 33
    OR              shift and go to state 34


state 17

    (28) expression -> NOT . expression
    (17) expression -> . expression PLUS expression
    (18) expression -> . expression MINUS expression
    (19) expression -> . expression MULTIPLY expression
    (20) expression -> . expression DIVIDE expression
    (21) expression -> . expression GREATERTHAN expression
    (22) expression -> . expression LESSTHAN expression
    (23) expression -> . expression EQUALS expression
    (24) expression -> . expression NOTEQUALS expression
    (25) expression -> . expression AND expression
    (26) expression -> . expression OR expression
    (27) expression -> . LPAREN expression RPAREN
    (28) expression -> . NOT expression
    (29) expression -> . VARIABLE
    (30) expression -> . BOOL
    (31) expression -> . DECIMAL

    LPAREN          shift and go to state 15
    NOT             shift and go to state 17
    VARIABLE        shift and go to state 18
    BOOL            shift and go to state 19
    DECIMAL         shift and go to state 20

    expression                     shift and go to state 35

state 18

    (29) expression -> VARIABLE .

    RPAREN          reduce using rule 29 (expression -> VARIABLE .)
    PLUS            reduce using rule 29 (expression -> VARIABLE .)
    MINUS           reduce using rule 29 (expression -> VARIABLE .)
    MULTIPLY        reduce using rule 29 (expression -> VARIABLE .)
    DIVIDE          reduce using rule 29 (expression -> VARIABLE .)
    GREATERTHAN     reduce using rule 29 (expression -> VARIABLE .)
    LESSTHAN        reduce using rule 29 (expression -> VARIABLE .)
    EQUALS          reduce using rule 29 (expression -> VARIABLE .)
    NOTEQUALS       reduce using rule 29 (expression -> VARIABLE .)
    AND             reduce using rule 29 (expression -> VARIABLE .)
    OR              reduce using rule 29 (expression -> VARIABLE .)
    LET             reduce using rule 29 (expression -> VARIABLE .)
    VAR             reduce using rule 29 (expression -> VARIABLE .)
    PRINT           reduce using rule 29 (expression -> VARIABLE .)
    $end            reduce using rule 29 (expression -> VARIABLE .)


state 19

    (30) expression -> BOOL .

    RPAREN          reduce using rule 30 (expression -> BOOL .)
    PLUS            reduce using rule 30 (expression -> BOOL .)
    MINUS           reduce using rule 30 (expression -> BOOL .)
    MULTIPLY        reduce using rule 30 (expression -> BOOL .)
    DIVIDE          reduce using rule 30 (expression -> BOOL .)
    GREATERTHAN     reduce using rule 30 (expression -> BOOL .)
    LESSTHAN        reduce using rule 30 (expression -> BOOL .)
    EQUALS          reduce using rule 30 (expression -> BOOL .)
    NOTEQUALS       reduce using rule 30 (expression -> BOOL .)
    AND             reduce using rule 30 (expression -> BOOL .)
    OR              reduce using rule 30 (expression -> BOOL .)
    LET             reduce using rule 30 (expression -> BOOL .)
    VAR             reduce using rule 30 (expression -> BOOL .)
    PRINT           reduce using rule 30 (expression -> BOOL .)
    $end            reduce using rule 30 (expression -> BOOL .)


state 20

    (31) expression -> DECIMAL .

    RPAREN          reduce using rule 31 (expression -> DECIMAL .)
    PLUS            reduce using rule 31 (expression -> DECIMAL .)
    MINUS           reduce using rule 31 (expression -> DECIMAL .)
    MULTIPLY        reduce using rule 31 (expression -> DECIMAL .)
    DIVIDE          reduce using rule 31 (expression -> DECIMAL .)
    GREATERTHAN     reduce using rule 31 (expression -> DECIMAL .)
    LESSTHAN        reduce using rule 31 (expression -> DECIMAL .)
    EQUALS          reduce using rule 31 (expression -> DECIMAL .)
    NOTEQUALS       reduce using rule 31 (expression -> DECIMAL .)
    AND             reduce using rule 31 (expression -> DECIMAL .)
    OR              reduce using rule 31 (expression -> DECIMAL .)
    LET             reduce using rule 31 (expression -> DECIMAL .)
    VAR             reduce using rule 31 (expression -> DECIMAL .)
    PRINT           reduce using rule 31 (expression -> DECIMAL .)
    $end            reduce using rule 31 (expression -> DECIMAL .)


state 21

    (6) assignment_statement -> LET VARIABLE ASSIGN expression .
    (17) expression -> expression . PLUS expression
    (18) expression -> expression . MINUS expression
    (19) expression -> expression . MULTIPLY expression
    (20) expression -> expression . DIVIDE expression
    (21) expression -> expression . GREATERTHAN expression
    (22) expression -> expression . LESSTHAN expression
    (23) expression -> expression . EQUALS expression
    (24) expression -> expression . NOTEQUALS expression
    (25) expression -> expression . AND expression
    (26) expression -> expression . OR expression

    LET             reduce using rule 6 (assignment_statement -> LET VARIABLE ASSIGN expression .)
    VAR             reduce using rule 6 (assignment_statement -> LET VARIABLE ASSIGN expression .)
    PRINT           reduce using rule 6 (assignment_statement -> LET VARIABLE ASSIGN expression .)
    $end            reduce using rule 6 (assignment_statement -> LET VARIABLE ASSIGN expression .)
    PLUS            shift and go to state 25
    MINUS           shift and go to state 26
    MULTIPLY        shift and go to state 27
    DIVIDE          shift and go to state 28
    GREATERTHAN     shift and go to state 29
    LESSTHAN        shift and go to state 30
    EQUALS          shift and go to state 31
    NOTEQUALS       shift and go to state 32
    AND             shift and go to state 33
    OR              shift and go to state 34


state 22

    (7) assignment_statement -> VAR VARIABLE ASSIGN expression .
    (17) expression -> expression . PLUS expression
    (18) expression -> expression . MINUS expression
    (19) expression -> expression . MULTIPLY expression
    (20) expression -> expression . DIVIDE expression
    (21) expression -> expression . GREATERTHAN expression
    (22) expression -> expression . LESSTHAN expression
    (23) expression -> expression . EQUALS expression
    (24) expression -> expression . NOTEQUALS expression
    (25) expression -> expression . AND expression
    (26) expression -> expression . OR expression

    LET             reduce using rule 7 (assignment_statement -> VAR VARIABLE ASSIGN expression .)
    VAR             reduce using rule 7 (assignment_statement -> VAR VARIABLE ASSIGN expression .)
    PRINT           reduce using rule 7 (assignment_statement -> VAR VARIABLE ASSIGN expression .)
    $end            reduce using rule 7 (assignment_statement -> VAR VARIABLE ASSIGN expression .)
    PLUS            shift and go to state 25
    MINUS           shift and go to state 26
    MULTIPLY        shift and go to state 27
    DIVIDE          shift and go to state 28
    GREATERTHAN     shift and go to state 29
    LESSTHAN        shift and go to state 30
    EQUALS          shift and go to state 31
    NOTEQUALS       shift and go to state 32
    AND             shift and go to state 33
    OR              shift and go to state 34


state 23

    (27) expression -> LPAREN expression . RPAREN
    (17) expression -> expression . PLUS expression
    (18) expression -> expression . MINUS expression
    (19) expression -> expression . MULTIPLY expression
    (20) expression -> expression . DIVIDE expression
    (21) expression -> expression . GREATERTHAN expression
    (22) expression -> expression . LESSTHAN expression
    (23) expression -> expression . EQUALS expression
    (24) expression -> expression . NOTEQUALS expression
    (25) expression -> expression . AND expression
    (26) expression -> expression . OR expression

    RPAREN          shift and go to state 36
    PLUS            shift and go to state 25
    MINUS           shift and go to state 26
    MULTIPLY        shift and go to state 27
    DIVIDE          shift and go to state 28
    GREATERTHAN     shift and go to state 29
    LESSTHAN        shift and go to state 30
    EQUALS          shift and go to state 31
    NOTEQUALS       shift and go to state 32
    AND             shift and go to state 33
    OR              shift and go to state 34


state 24

    (8) print_statement -> PRINT LPAREN expression RPAREN .

    LET             reduce using rule 8 (print_statement -> PRINT LPAREN expression RPAREN .)
    VAR             reduce using rule 8 (print_statement -> PRINT LPAREN expression RPAREN .)
    PRINT           reduce using rule 8 (print_statement -> PRINT LPAREN expression RPAREN .)
    $end            reduce using rule 8 (print_statement -> PRINT LPAREN expression RPAREN .)


state 25

    (17) expression -> expression PLUS . expression
    (17) expression -> . expression PLUS expression
    (18) expression -> . expression MINUS expression
    (19) expression -> . expression MULTIPLY expression
    (20) expression -> . expression DIVIDE expression
    (21) expression -> . expression GREATERTHAN expression
    (22) expression -> . expression LESSTHAN expression
    (23) expression -> . expression EQUALS expression
    (24) expression -> . expression NOTEQUALS expression
    (25) expression -> . expression AND expression
    (26) expression -> . expression OR expression
    (27) expression -> . LPAREN expression RPAREN
    (28) expression -> . NOT expression
    (29) expression -> . VARIABLE
    (30) expression -> . BOOL
    (31) expression -> . DECIMAL

    LPAREN          shift and go to state 15
    NOT             shift and go to state 17
    VARIABLE        shift and go to state 18
    BOOL            shift and go to state 19
    DECIMAL         shift and go to state 20

    expression                     shift and go to state 37

state 26

    (18) expression -> expression MINUS . expression
    (17) expression -> . expression PLUS expression
    (18) expression -> . expression MINUS expression
    (19) expression -> . expression MULTIPLY expression
    (20) expression -> . expression DIVIDE expression
    (21) expression -> . expression GREATERTHAN expression
    (22) expression -> . expression LESSTHAN expression
    (23) expression -> . expression EQUALS expression
    (24) expression -> . expression NOTEQUALS expression
    (25) expression -> . expression AND expression
    (26) expression -> . expression OR expression
    (27) expression -> . LPAREN expression RPAREN
    (28) expression -> . NOT expression
    (29) expression -> . VARIABLE
    (30) expression -> . BOOL
    (31) expression -> . DECIMAL

    LPAREN          shift and go to state 15
    NOT             shift and go to state 17
    VARIABLE        shift and go to state 18
    BOOL            shift and go to state 19
    DECIMAL         shift and go to state 20

    expression                     shift and go to state 38

state 27

    (19) expression -> expression MULTIPLY . expression
    (17) expression -> . expression PLUS expression
    (18) expression -> . expression MINUS expression
    (19) expression -> . expression MULTIPLY expression
    (20) expression -> . expression DIVIDE expression
    (21) expression -> . expression GREATERTHAN expression
    (22) expression -> . expression LESSTHAN expression
    (23) expression -> . expression EQUALS expression
    (24) expression -> . expression NOTEQUALS expression
    (25) expression -> . expression AND expression
    (26) expression -> . expression OR expression
    (27) expression -> . LPAREN expression RPAREN
    (28) expression -> . NOT expression
    (29) expression -> . VARIABLE
    (30) expression -> . BOOL
    (31) expression -> . DECIMAL

    LPAREN          shift and go to state 15
    NOT             shift and go to state 17
    VARIABLE        shift and go to state 18
    BOOL            shift and go to state 19
    DECIMAL         shift and go to state 20

    expression                     shift and go to state 39

state 28

    (20) expression -> expression DIVIDE . expression
    (17) expression -> . expression PLUS expression
    (18) expression -> . expression MINUS expression
    (19) expression -> . expression MULTIPLY expression
    (20) expression -> . expression DIVIDE expression
    (21) expression -> . expression GREATERTHAN expression
    (22) expression -> . expression LESSTHAN expression
    (23) expression -> . expression EQUALS expression
    (24) expression -> . expression NOTEQUALS expression
    (25) expression -> . expression AND expression
    (26) expression -> . expression OR expression
    (27) expression -> . LPAREN expression RPAREN
    (28) expression -> . NOT expression
    (29) expression -> . VARIABLE
    (30) expression -> . BOOL
    (31) expression -> . DECIMAL

    LPAREN          shift and go to state 15
    NOT             shift and go to state 17
    VARIABLE        shift and go to state 18
    BOOL            shift and go to state 19
    DECIMAL         shift and go to state 20

    expression                     shift and go to state 40

state 29

    (21) expression -> expression GREATERTHAN . expression
    (17) expression -> . expression PLUS expression
    (18) expression -> . expression MINUS expression
    (19) expression -> . expression MULTIPLY expression
    (20) expression -> . expression DIVIDE expression
    (21) expression -> . expression GREATERTHAN expression
    (22) expression -> . expression LESSTHAN expression
    (23) expression -> . expression EQUALS expression
    (24) expression -> . expression NOTEQUALS expression
    (25) expression -> . expression AND expression
    (26) expression -> . expression OR expression
    (27) expression -> . LPAREN expression RPAREN
    (28) expression -> . NOT expression
    (29) expression -> . VARIABLE
    (30) expression -> . BOOL
    (31) expression -> . DECIMAL

    LPAREN          shift and go to state 15
    NOT             shift and go to state 17
    VARIABLE        shift and go to state 18
    BOOL            shift and go to state 19
    DECIMAL         shift and go to state 20

    expression                     shift and go to state 41

state 30

    (22) expression -> expression LESSTHAN . expression
    (17) expression -> . expression PLUS expression
    (18) expression -> . expression MINUS expression
    (19) expression -> . expression MULTIPLY expression
    (20) expression -> . expression DIVIDE expression
    (21) expression -> . expression GREATERTHAN expression
    (22) expression -> . expression LESSTHAN expression
    (23) expression -> . expression EQUALS expression
    (24) expression -> . expression NOTEQUALS expression
    (25) expression -> . expression AND expression
    (26) expression -> . expression OR expression
    (27) expression -> . LPAREN expression RPAREN
    (28) expression -> . NOT expression
    (29) expression -> . VARIABLE
    (30) expression -> . BOOL
    (31) expression -> . DECIMAL

    LPAREN          shift and go to state 15
    NOT             shift and go to state 17
    VARIABLE        shift and go to state 18
    BOOL            shift and go to state 19
    DECIMAL         shift and go to state 20

    expression                     shift and go to state 42

state 31

    (23) expression -> expression EQUALS . expression
    (17) expression -> . expression PLUS expression
    (18) expression -> . expression MINUS expression
    (19) expression -> . expression MULTIPLY expression
    (20) expression -> . expression DIVIDE expression
    (21) expression -> . expression GREATERTHAN expression
    (22) expression -> . expression LESSTHAN expression
    (23) expression -> . expression EQUALS expression
    (24) expression -> . expression NOTEQUALS expression
    (25) expression -> . expression AND expression
    (26) expression -> . expression OR expression
    (27) expression -> . LPAREN expression RPAREN
    (28) expression -> . NOT expression
    (29) expression -> . VARIABLE
    (30) expression -> . BOOL
    (31) expression -> . DECIMAL

    LPAREN          shift and go to state 15
    NOT             shift and go to state 17
    VARIABLE        shift and go to state 18
    BOOL            shift and go to state 19
    DECIMAL         shift and go to state 20

    expression                     shift and go to state 43

state 32

    (24) expression -> expression NOTEQUALS . expression
    (17) expression -> . expression PLUS expression
    (18) expression -> . expression MINUS expression
    (19) expression -> . expression MULTIPLY expression
    (20) expression -> . expression DIVIDE expression
    (21) expression -> . expression GREATERTHAN expression
    (22) expression -> . expression LESSTHAN expression
    (23) expression -> . expression EQUALS expression
    (24) expression -> . expression NOTEQUALS expression
    (25) expression -> . expression AND expression
    (26) expression -> . expression OR expression
    (27) expression -> . LPAREN expression RPAREN
    (28) expression -> . NOT expression
    (29) expression -> . VARIABLE
    (30) expression -> . BOOL
    (31) expression -> . DECIMAL

    LPAREN          shift and go to state 15
    NOT             shift and go to state 17
    VARIABLE        shift and go to state 18
    BOOL            shift and go to state 19
    DECIMAL         shift and go to state 20

    expression                     shift and go to state 44

state 33

    (25) expression -> expression AND . expression
    (17) expression -> . expression PLUS expression
    (18) expression -> . expression MINUS expression
    (19) expression -> . expression MULTIPLY expression
    (20) expression -> . expression DIVIDE expression
    (21) expression -> . expression GREATERTHAN expression
    (22) expression -> . expression LESSTHAN expression
    (23) expression -> . expression EQUALS expression
    (24) expression -> . expression NOTEQUALS expression
    (25) expression -> . expression AND expression
    (26) expression -> . expression OR expression
    (27) expression -> . LPAREN expression RPAREN
    (28) expression -> . NOT expression
    (29) expression -> . VARIABLE
    (30) expression -> . BOOL
    (31) expression -> . DECIMAL

    LPAREN          shift and go to state 15
    NOT             shift and go to state 17
    VARIABLE        shift and go to state 18
    BOOL            shift and go to state 19
    DECIMAL         shift and go to state 20

    expression                     shift and go to state 45

state 34

    (26) expression -> expression OR . expression
    (17) expression -> . expression PLUS expression
    (18) expression -> . expression MINUS expression
    (19) expression -> . expression MULTIPLY expression
    (20) expression -> . expression DIVIDE expression
    (21) expression -> . expression GREATERTHAN expression
    (22) expression -> . expression LESSTHAN expression
    (23) expression -> . expression EQUALS expression
    (24) expression -> . expression NOTEQUALS expression
    (25) expression -> . expression AND expression
    (26) expression -> . expression OR expression
    (27) expression -> . LPAREN expression RPAREN
    (28) expression -> . NOT expression
    (29) expression -> . VARIABLE
    (30) expression -> . BOOL
    (31) expression -> . DECIMAL

    LPAREN          shift and go to state 15
    NOT             shift and go to state 17
    VARIABLE        shift and go to state 18
    BOOL            shift and go to state 19
    DECIMAL         shift and go to state 20

    expression                     shift and go to state 46

state 35

    (28) expression -> NOT expression .
    (17) expression -> expression . PLUS expression
    (18) expression -> expression . MINUS expression
    (19) expression -> expression . MULTIPLY expression
    (20) expression -> expression . DIVIDE expression
    (21) expression -> expression . GREATERTHAN expression
    (22) expression -> expression . LESSTHAN expression
    (23) expression -> expression . EQUALS expression
    (24) expression -> expression . NOTEQUALS expression
    (25) expression -> expression . AND expression
    (26) expression -> expression . OR expression

  ! shift/reduce conflict for PLUS resolved as shift
  ! shift/reduce conflict for MINUS resolved as shift
  ! shift/reduce conflict for MULTIPLY resolved as shift
  ! shift/reduce conflict for DIVIDE resolved as shift
  ! shift/reduce conflict for GREATERTHAN resolved as shift
  ! shift/reduce conflict for LESSTHAN resolved as shift
  ! shift/reduce conflict for EQUALS resolved as shift
  ! shift/reduce conflict for NOTEQUALS resolved as shift
  ! shift/reduce conflict for AND resolved as shift
  ! shift/reduce conflict for OR resolved as shift
    RPAREN          reduce using rule 28 (expression -> NOT expression .)
    LET             reduce using rule 28 (expression -> NOT expression .)
    VAR             reduce using rule 28 (expression -> NOT expression .)
    PRINT           reduce using rule 28 (expression -> NOT expression .)
    $end            reduce using rule 28 (expression -> NOT expression .)
    PLUS            shift and go to state 25
    MINUS           shift and go to state 26
    MULTIPLY        shift and go to state 27
    DIVIDE          shift and go to state 28
    GREATERTHAN     shift and go to state 29
    LESSTHAN        shift and go to state 30
    EQUALS          shift and go to state 31
    NOTEQUALS       shift and go to state 32
    AND             shift and go to state 33
    OR              shift and go to state 34

  ! PLUS            [ reduce using rule 28 (expression -> NOT expression .) ]
  ! MINUS           [ reduce using rule 28 (expression -> NOT expression .) ]
  ! MULTIPLY        [ reduce using rule 28 (expression -> NOT expression .) ]
  ! DIVIDE          [ reduce using rule 28 (expression -> NOT expression .) ]
  ! GREATERTHAN     [ reduce using rule 28 (expression -> NOT expression .) ]
  ! LESSTHAN        [ reduce using rule 28 (expression -> NOT expression .) ]
  ! EQUALS          [ reduce using rule 28 (expression -> NOT expression .) ]
  ! NOTEQUALS       [ reduce using rule 28 (expression -> NOT expression .) ]
  ! AND             [ reduce using rule 28 (expression -> NOT expression .) ]
  ! OR              [ reduce using rule 28 (expression -> NOT expression .) ]


state 36

    (27) expression -> LPAREN expression RPAREN .

    RPAREN          reduce using rule 27 (expression -> LPAREN expression RPAREN .)
    PLUS            reduce using rule 27 (expression -> LPAREN expression RPAREN .)
    MINUS           reduce using rule 27 (expression -> LPAREN expression RPAREN .)
    MULTIPLY        reduce using rule 27 (expression -> LPAREN expression RPAREN .)
    DIVIDE          reduce using rule 27 (expression -> LPAREN expression RPAREN .)
    GREATERTHAN     reduce using rule 27 (expression -> LPAREN expression RPAREN .)
    LESSTHAN        reduce using rule 27 (expression -> LPAREN expression RPAREN .)
    EQUALS          reduce using rule 27 (expression -> LPAREN expression RPAREN .)
    NOTEQUALS       reduce using rule 27 (expression -> LPAREN expression RPAREN .)
    AND             reduce using rule 27 (expression -> LPAREN expression RPAREN .)
    OR              reduce using rule 27 (expression -> LPAREN expression RPAREN .)
    LET             reduce using rule 27 (expression -> LPAREN expression RPAREN .)
    VAR             reduce using rule 27 (expression -> LPAREN expression RPAREN .)
    PRINT           reduce using rule 27 (expression -> LPAREN expression RPAREN .)
    $end            reduce using rule 27 (expression -> LPAREN expression RPAREN .)


state 37

    (17) expression -> expression PLUS expression .
    (17) expression -> expression . PLUS expression
    (18) expression -> expression . MINUS expression
    (19) expression -> expression . MULTIPLY expression
    (20) expression -> expression . DIVIDE expression
    (21) expression -> expression . GREATERTHAN expression
    (22) expression -> expression . LESSTHAN expression
    (23) expression -> expression . EQUALS expression
    (24) expression -> expression . NOTEQUALS expression
    (25) expression -> expression . AND expression
    (26) expression -> expression . OR expression

  ! shift/reduce conflict for PLUS resolved as shift
  ! shift/reduce conflict for MINUS resolved as shift
  ! shift/reduce conflict for MULTIPLY resolved as shift
  ! shift/reduce conflict for DIVIDE resolved as shift
  ! shift/reduce conflict for GREATERTHAN resolved as shift
  ! shift/reduce conflict for LESSTHAN resolved as shift
  ! shift/reduce conflict for EQUALS resolved as shift
  ! shift/reduce conflict for NOTEQUALS resolved as shift
  ! shift/reduce conflict for AND resolved as shift
  ! shift/reduce conflict for OR resolved as shift
    RPAREN          reduce using rule 17 (expression -> expression PLUS expression .)
    LET             reduce using rule 17 (expression -> expression PLUS expression .)
    VAR             reduce using rule 17 (expression -> expression PLUS expression .)
    PRINT           reduce using rule 17 (expression -> expression PLUS expression .)
    $end            reduce using rule 17 (expression -> expression PLUS expression .)
    PLUS            shift and go to state 25
    MINUS           shift and go to state 26
    MULTIPLY        shift and go to state 27
    DIVIDE          shift and go to state 28
    GREATERTHAN     shift and go to state 29
    LESSTHAN        shift and go to state 30
    EQUALS          shift and go to state 31
    NOTEQUALS       shift and go to state 32
    AND             shift and go to state 33
    OR              shift and go to state 34

  ! PLUS            [ reduce using rule 17 (expression -> expression PLUS expression .) ]
  ! MINUS           [ reduce using rule 17 (expression -> expression PLUS expression .) ]
  ! MULTIPLY        [ reduce using rule 17 (expression -> expression PLUS expression .) ]
  ! DIVIDE          [ reduce using rule 17 (expression -> expression PLUS expression .) ]
  ! GREATERTHAN     [ reduce using rule 17 (expression -> expression PLUS expression .) ]
  ! LESSTHAN        [ reduce using rule 17 (expression -> expression PLUS expression .) ]
  ! EQUALS          [ reduce using rule 17 (expression -> expression PLUS expression .) ]
  ! NOTEQUALS       [ reduce using rule 17 (expression -> expression PLUS expression .) ]
  ! AND             [ reduce using rule 17 (expression -> expression PLUS expression .) ]
  ! OR              [ reduce using rule 17 (expression -> expression PLUS expression .) ]


state 38

    (18) expression -> expression MINUS expression .
    (17) expression -> expression . PLUS expression
    (18) expression -> expression . MINUS expression
    (19) expression -> expression . MULTIPLY expression
    (20) expression -> expression . DIVIDE expression
    (21) expression -> expression . GREATERTHAN expression
    (22) expression -> expression . LESSTHAN expression
    (23) expression -> expression . EQUALS expression
    (24) expression -> expression . NOTEQUALS expression
    (25) expression -> expression . AND expression
    (26) expression -> expression . OR expression

  ! shift/reduce conflict for PLUS resolved as shift
  ! shift/reduce conflict for MINUS resolved as shift
  ! shift/reduce conflict for MULTIPLY resolved as shift
  ! shift/reduce conflict for DIVIDE resolved as shift
  ! shift/reduce conflict for GREATERTHAN resolved as shift
  ! shift/reduce conflict for LESSTHAN resolved as shift
  ! shift/reduce conflict for EQUALS resolved as shift
  ! shift/reduce conflict for NOTEQUALS resolved as shift
  ! shift/reduce conflict for AND resolved as shift
  ! shift/reduce conflict for OR resolved as shift
    RPAREN          reduce using rule 18 (expression -> expression MINUS expression .)
    LET             reduce using rule 18 (expression -> expression MINUS expression .)
    VAR             reduce using rule 18 (expression -> expression MINUS expression .)
    PRINT           reduce using rule 18 (expression -> expression MINUS expression .)
    $end            reduce using rule 18 (expression -> expression MINUS expression .)
    PLUS            shift and go to state 25
    MINUS           shift and go to state 26
    MULTIPLY        shift and go to state 27
    DIVIDE          shift and go to state 28
    GREATERTHAN     shift and go to state 29
    LESSTHAN        shift and go to state 30
    EQUALS          shift and go to state 31
    NOTEQUALS       shift and go to state 32
    AND             shift and go to state 33
    OR              shift and go to state 34

  ! PLUS            [ reduce using rule 18 (expression -> expression MINUS expression .) ]
  ! MINUS           [ reduce using rule 18 (expression -> expression MINUS expression .) ]
  ! MULTIPLY        [ reduce using rule 18 (expression -> expression MINUS expression .) ]
  ! DIVIDE          [ reduce using rule 18 (expression -> expression MINUS expression .) ]
  ! GREATERTHAN     [ reduce using rule 18 (expression -> expression MINUS expression .) ]
  ! LESSTHAN        [ reduce using rule 18 (expression -> expression MINUS expression .) ]
  ! EQUALS          [ reduce using rule 18 (expression -> expression MINUS expression .) ]
  ! NOTEQUALS       [ reduce using rule 18 (expression -> expression MINUS expression .) ]
  ! AND             [ reduce using rule 18 (expression -> expression MINUS expression .) ]
  ! OR              [ reduce using rule 18 (expression -> expression MINUS expression .) ]


state 39

    (19) expression -> expression MULTIPLY expression .
    (17) expression -> expression . PLUS expression
    (18) expression -> expression . MINUS expression
    (19) expression -> expression . MULTIPLY expression
    (20) expression -> expression . DIVIDE expression
    (21) expression -> expression . GREATERTHAN expression
    (22) expression -> expression . LESSTHAN expression
    (23) expression -> expression . EQUALS expression
    (24) expression -> expression . NOTEQUALS expression
    (25) expression -> expression . AND expression
    (26) expression -> expression . OR expression

  ! shift/reduce conflict for PLUS resolved as shift
  ! shift/reduce conflict for MINUS resolved as shift
  ! shift/reduce conflict for MULTIPLY resolved as shift
  ! shift/reduce conflict for DIVIDE resolved as shift
  ! shift/reduce conflict for GREATERTHAN resolved as shift
  ! shift/reduce conflict for LESSTHAN resolved as shift
  ! shift/reduce conflict for EQUALS resolved as shift
  ! shift/reduce conflict for NOTEQUALS resolved as shift
  ! shift/reduce conflict for AND resolved as shift
  ! shift/reduce conflict for OR resolved as shift
    RPAREN          reduce using rule 19 (expression -> expression MULTIPLY expression .)
    LET             reduce using rule 19 (expression -> expression MULTIPLY expression .)
    VAR             reduce using rule 19 (expression -> expression MULTIPLY expression .)
    PRINT           reduce using rule 19 (expression -> expression MULTIPLY expression .)
    $end            reduce using rule 19 (expression -> expression MULTIPLY expression .)
    PLUS            shift and go to state 25
    MINUS           shift and go to state 26
    MULTIPLY        shift and go to state 27
    DIVIDE          shift and go to state 28
    GREATERTHAN     shift and go to state 29
    LESSTHAN        shift and go to state 30
    EQUALS          shift and go to state 31
    NOTEQUALS       shift and go to state 32
    AND             shift and go to state 33
    OR              shift and go to state 34

  ! PLUS            [ reduce using rule 19 (expression -> expression MULTIPLY expression .) ]
  ! MINUS           [ reduce using rule 19 (expression -> expression MULTIPLY expression .) ]
  ! MULTIPLY        [ reduce using rule 19 (expression -> expression MULTIPLY expression .) ]
  ! DIVIDE          [ reduce using rule 19 (expression -> expression MULTIPLY expression .) ]
  ! GREATERTHAN     [ reduce using rule 19 (expression -> expression MULTIPLY expression .) ]
  ! LESSTHAN        [ reduce using rule 19 (expression -> expression MULTIPLY expression .) ]
  ! EQUALS          [ reduce using rule 19 (expression -> expression MULTIPLY expression .) ]
  ! NOTEQUALS       [ reduce using rule 19 (expression -> expression MULTIPLY expression .) ]
  ! AND             [ reduce using rule 19 (expression -> expression MULTIPLY expression .) ]
  ! OR              [ reduce using rule 19 (expression -> expression MULTIPLY expression .) ]


state 40

    (20) expression -> expression DIVIDE expression .
    (17) expression -> expression . PLUS expression
    (18) expression -> expression . MINUS expression
    (19) expression -> expression . MULTIPLY expression
    (20) expression -> expression . DIVIDE expression
    (21) expression -> expression . GREATERTHAN expression
    (22) expression -> expression . LESSTHAN expression
    (23) expression -> expression . EQUALS expression
    (24) expression -> expression . NOTEQUALS expression
    (25) expression -> expression . AND expression
    (26) expression -> expression . OR expression

  ! shift/reduce conflict for PLUS resolved as shift
  ! shift/reduce conflict for MINUS resolved as shift
  ! shift/reduce conflict for MULTIPLY resolved as shift
  ! shift/reduce conflict for DIVIDE resolved as shift
  ! shift/reduce conflict for GREATERTHAN resolved as shift
  ! shift/reduce conflict for LESSTHAN resolved as shift
  ! shift/reduce conflict for EQUALS resolved as shift
  ! shift/reduce conflict for NOTEQUALS resolved as shift
  ! shift/reduce conflict for AND resolved as shift
  ! shift/reduce conflict for OR resolved as shift
    RPAREN          reduce using rule 20 (expression -> expression DIVIDE expression .)
    LET             reduce using rule 20 (expression -> expression DIVIDE expression .)
    VAR             reduce using rule 20 (expression -> expression DIVIDE expression .)
    PRINT           reduce using rule 20 (expression -> expression DIVIDE expression .)
    $end            reduce using rule 20 (expression -> expression DIVIDE expression .)
    PLUS            shift and go to state 25
    MINUS           shift and go to state 26
    MULTIPLY        shift and go to state 27
    DIVIDE          shift and go to state 28
    GREATERTHAN     shift and go to state 29
    LESSTHAN        shift and go to state 30
    EQUALS          shift and go to state 31
    NOTEQUALS       shift and go to state 32
    AND             shift and go to state 33
    OR              shift and go to state 34

  ! PLUS            [ reduce using rule 20 (expression -> expression DIVIDE expression .) ]
  ! MINUS           [ reduce using rule 20 (expression -> expression DIVIDE expression .) ]
  ! MULTIPLY        [ reduce using rule 20 (expression -> expression DIVIDE expression .) ]
  ! DIVIDE          [ reduce using rule 20 (expression -> expression DIVIDE expression .) ]
  ! GREATERTHAN     [ reduce using rule 20 (expression -> expression DIVIDE expression .) ]
  ! LESSTHAN        [ reduce using rule 20 (expression -> expression DIVIDE expression .) ]
  ! EQUALS          [ reduce using rule 20 (expression -> expression DIVIDE expression .) ]
  ! NOTEQUALS       [ reduce using rule 20 (expression -> expression DIVIDE expression .) ]
  ! AND             [ reduce using rule 20 (expression -> expression DIVIDE expression .) ]
  ! OR              [ reduce using rule 20 (expression -> expression DIVIDE expression .) ]


state 41

    (21) expression -> expression GREATERTHAN expression .
    (17) expression -> expression . PLUS expression
    (18) expression -> expression . MINUS expression
    (19) expression -> expression . MULTIPLY expression
    (20) expression -> expression . DIVIDE expression
    (21) expression -> expression . GREATERTHAN expression
    (22) expression -> expression . LESSTHAN expression
    (23) expression -> expression . EQUALS expression
    (24) expression -> expression . NOTEQUALS expression
    (25) expression -> expression . AND expression
    (26) expression -> expression . OR expression

  ! shift/reduce conflict for PLUS resolved as shift
  ! shift/reduce conflict for MINUS resolved as shift
  ! shift/reduce conflict for MULTIPLY resolved as shift
  ! shift/reduce conflict for DIVIDE resolved as shift
  ! shift/reduce conflict for GREATERTHAN resolved as shift
  ! shift/reduce conflict for LESSTHAN resolved as shift
  ! shift/reduce conflict for EQUALS resolved as shift
  ! shift/reduce conflict for NOTEQUALS resolved as shift
  ! shift/reduce conflict for AND resolved as shift
  ! shift/reduce conflict for OR resolved as shift
    RPAREN          reduce using rule 21 (expression -> expression GREATERTHAN expression .)
    LET             reduce using rule 21 (expression -> expression GREATERTHAN expression .)
    VAR             reduce using rule 21 (expression -> expression GREATERTHAN expression .)
    PRINT           reduce using rule 21 (expression -> expression GREATERTHAN expression .)
    $end            reduce using rule 21 (expression -> expression GREATERTHAN expression .)
    PLUS            shift and go to state 25
    MINUS           shift and go to state 26
    MULTIPLY        shift and go to state 27
    DIVIDE          shift and go to state 28
    GREATERTHAN     shift and go to state 29
    LESSTHAN        shift and go to state 30
    EQUALS          shift and go to state 31
    NOTEQUALS       shift and go to state 32
    AND             shift and go to state 33
    OR              shift and go to state 34

  ! PLUS            [ reduce using rule 21 (expression -> expression GREATERTHAN expression .) ]
  ! MINUS           [ reduce using rule 21 (expression -> expression GREATERTHAN expression .) ]
  ! MULTIPLY        [ reduce using rule 21 (expression -> expression GREATERTHAN expression .) ]
  ! DIVIDE          [ reduce using rule 21 (expression -> expression GREATERTHAN expression .) ]
  ! GREATERTHAN     [ reduce using rule 21 (expression -> expression GREATERTHAN expression .) ]
  ! LESSTHAN        [ reduce using rule 21 (expression -> expression GREATERTHAN expression .) ]
  ! EQUALS          [ reduce using rule 21 (expression -> expression GREATERTHAN expression .) ]
  ! NOTEQUALS       [ reduce using rule 21 (expression -> expression GREATERTHAN expression .) ]
  ! AND             [ reduce using rule 21 (expression -> expression GREATERTHAN expression .) ]
  ! OR              [ reduce using rule 21 (expression -> expression GREATERTHAN expression .) ]


state 42

    (22) expression -> expression LESSTHAN expression .
    (17) expression -> expression . PLUS expression
    (18) expression -> expression . MINUS expression
    (19) expression -> expression . MULTIPLY expression
    (20) expression -> expression . DIVIDE expression
    (21) expression -> expression . GREATERTHAN expression
    (22) expression -> expression . LESSTHAN expression
    (23) expression -> expression . EQUALS expression
    (24) expression -> expression . NOTEQUALS expression
    (25) expression -> expression . AND expression
    (26) expression -> expression . OR expression

  ! shift/reduce conflict for PLUS resolved as shift
  ! shift/reduce conflict for MINUS resolved as shift
  ! shift/reduce conflict for MULTIPLY resolved as shift
  ! shift/reduce conflict for DIVIDE resolved as shift
  ! shift/reduce conflict for GREATERTHAN resolved as shift
  ! shift/reduce conflict for LESSTHAN resolved as shift
  ! shift/reduce conflict for EQUALS resolved as shift
  ! shift/reduce conflict for NOTEQUALS resolved as shift
  ! shift/reduce conflict for AND resolved as shift
  ! shift/reduce conflict for OR resolved as shift
    RPAREN          reduce using rule 22 (expression -> expression LESSTHAN expression .)
    LET             reduce using rule 22 (expression -> expression LESSTHAN expression .)
    VAR             reduce using rule 22 (expression -> expression LESSTHAN expression .)
    PRINT           reduce using rule 22 (expression -> expression LESSTHAN expression .)
    $end            reduce using rule 22 (expression -> expression LESSTHAN expression .)
    PLUS            shift and go to state 25
    MINUS           shift and go to state 26
    MULTIPLY        shift and go to state 27
    DIVIDE          shift and go to state 28
    GREATERTHAN     shift and go to state 29
    LESSTHAN        shift and go to state 30
    EQUALS          shift and go to state 31
    NOTEQUALS       shift and go to state 32
    AND             shift and go to state 33
    OR              shift and go to state 34

  ! PLUS            [ reduce using rule 22 (expression -> expression LESSTHAN expression .) ]
  ! MINUS           [ reduce using rule 22 (expression -> expression LESSTHAN expression .) ]
  ! MULTIPLY        [ reduce using rule 22 (expression -> expression LESSTHAN expression .) ]
  ! DIVIDE          [ reduce using rule 22 (expression -> expression LESSTHAN expression .) ]
  ! GREATERTHAN     [ reduce using rule 22 (expression -> expression LESSTHAN expression .) ]
  ! LESSTHAN        [ reduce using rule 22 (expression -> expression LESSTHAN expression .) ]
  ! EQUALS          [ reduce using rule 22 (expression -> expression LESSTHAN expression .) ]
  ! NOTEQUALS       [ reduce using rule 22 (expression -> expression LESSTHAN expression .) ]
  ! AND             [ reduce using rule 22 (expression -> expression LESSTHAN expression .) ]
  ! OR              [ reduce using rule 22 (expression -> expression LESSTHAN expression .) ]


state 43

    (23) expression -> expression EQUALS expression .
    (17) expression -> expression . PLUS expression
    (18) expression -> expression . MINUS expression
    (19) expression -> expression . MULTIPLY expression
    (20) expression -> expression . DIVIDE expression
    (21) expression -> expression . GREATERTHAN expression
    (22) expression -> expression . LESSTHAN expression
    (23) expression -> expression . EQUALS expression
    (24) expression -> expression . NOTEQUALS expression
    (25) expression -> expression . AND expression
    (26) expression -> expression . OR expression

  ! shift/reduce conflict for PLUS resolved as shift
  ! shift/reduce conflict for MINUS resolved as shift
  ! shift/reduce conflict for MULTIPLY resolved as shift
  ! shift/reduce conflict for DIVIDE resolved as shift
  ! shift/reduce conflict for GREATERTHAN resolved as shift
  ! shift/reduce conflict for LESSTHAN resolved as shift
  ! shift/reduce conflict for EQUALS resolved as shift
  ! shift/reduce conflict for NOTEQUALS resolved as shift
  ! shift/reduce conflict for AND resolved as shift
  ! shift/reduce conflict for OR resolved as shift
    RPAREN          reduce using rule 23 (expression -> expression EQUALS expression .)
    LET             reduce using rule 23 (expression -> expression EQUALS expression .)
    VAR             reduce using rule 23 (expression -> expression EQUALS expression .)
    PRINT           reduce using rule 23 (expression -> expression EQUALS expression .)
    $end            reduce using rule 23 (expression -> expression EQUALS expression .)
    PLUS            shift and go to state 25
    MINUS           shift and go to state 26
    MULTIPLY        shift and go to state 27
    DIVIDE          shift and go to state 28
    GREATERTHAN     shift and go to state 29
    LESSTHAN        shift and go to state 30
    EQUALS          shift and go to state 31
    NOTEQUALS       shift and go to state 32
    AND             shift and go to state 33
    OR              shift and go to state 34

  ! PLUS            [ reduce using rule 23 (expression -> expression EQUALS expression .) ]
  ! MINUS           [ reduce using rule 23 (expression -> expression EQUALS expression .) ]
  ! MULTIPLY        [ reduce using rule 23 (expression -> expression EQUALS expression .) ]
  ! DIVIDE          [ reduce using rule 23 (expression -> expression EQUALS expression .) ]
  ! GREATERTHAN     [ reduce using rule 23 (expression -> expression EQUALS expression .) ]
  ! LESSTHAN        [ reduce using rule 23 (expression -> expression EQUALS expression .) ]
  ! EQUALS          [ reduce using rule 23 (expression -> expression EQUALS expression .) ]
  ! NOTEQUALS       [ reduce using rule 23 (expression -> expression EQUALS expression .) ]
  ! AND             [ reduce using rule 23 (expression -> expression EQUALS expression .) ]
  ! OR              [ reduce using rule 23 (expression -> expression EQUALS expression .) ]


state 44

    (24) expression -> expression NOTEQUALS expression .
    (17) expression -> expression . PLUS expression
    (18) expression -> expression . MINUS expression
    (19) expression -> expression . MULTIPLY expression
    (20) expression -> expression . DIVIDE expression
    (21) expression -> expression . GREATERTHAN expression
    (22) expression -> expression . LESSTHAN expression
    (23) expression -> expression . EQUALS expression
    (24) expression -> expression . NOTEQUALS expression
    (25) expression -> expression . AND expression
    (26) expression -> expression . OR expression

  ! shift/reduce conflict for PLUS resolved as shift
  ! shift/reduce conflict for MINUS resolved as shift
  ! shift/reduce conflict for MULTIPLY resolved as shift
  ! shift/reduce conflict for DIVIDE resolved as shift
  ! shift/reduce conflict for GREATERTHAN resolved as shift
  ! shift/reduce conflict for LESSTHAN resolved as shift
  ! shift/reduce conflict for EQUALS resolved as shift
  ! shift/reduce conflict for NOTEQUALS resolved as shift
  ! shift/reduce conflict for AND resolved as shift
  ! shift/reduce conflict for OR resolved as shift
    RPAREN          reduce using rule 24 (expression -> expression NOTEQUALS expression .)
    LET             reduce using rule 24 (expression -> expression NOTEQUALS expression .)
    VAR             reduce using rule 24 (expression -> expression NOTEQUALS expression .)
    PRINT           reduce using rule 24 (expression -> expression NOTEQUALS expression .)
    $end            reduce using rule 24 (expression -> expression NOTEQUALS expression .)
    PLUS            shift and go to state 25
    MINUS           shift and go to state 26
    MULTIPLY        shift and go to state 27
    DIVIDE          shift and go to state 28
    GREATERTHAN     shift and go to state 29
    LESSTHAN        shift and go to state 30
    EQUALS          shift and go to state 31
    NOTEQUALS       shift and go to state 32
    AND             shift and go to state 33
    OR              shift and go to state 34

  ! PLUS            [ reduce using rule 24 (expression -> expression NOTEQUALS expression .) ]
  ! MINUS           [ reduce using rule 24 (expression -> expression NOTEQUALS expression .) ]
  ! MULTIPLY        [ reduce using rule 24 (expression -> expression NOTEQUALS expression .) ]
  ! DIVIDE          [ reduce using rule 24 (expression -> expression NOTEQUALS expression .) ]
  ! GREATERTHAN     [ reduce using rule 24 (expression -> expression NOTEQUALS expression .) ]
  ! LESSTHAN        [ reduce using rule 24 (expression -> expression NOTEQUALS expression .) ]
  ! EQUALS          [ reduce using rule 24 (expression -> expression NOTEQUALS expression .) ]
  ! NOTEQUALS       [ reduce using rule 24 (expression -> expression NOTEQUALS expression .) ]
  ! AND             [ reduce using rule 24 (expression -> expression NOTEQUALS expression .) ]
  ! OR              [ reduce using rule 24 (expression -> expression NOTEQUALS expression .) ]


state 45

    (25) expression -> expression AND expression .
    (17) expression -> expression . PLUS expression
    (18) expression -> expression . MINUS expression
    (19) expression -> expression . MULTIPLY expression
    (20) expression -> expression . DIVIDE expression
    (21) expression -> expression . GREATERTHAN expression
    (22) expression -> expression . LESSTHAN expression
    (23) expression -> expression . EQUALS expression
    (24) expression -> expression . NOTEQUALS expression
    (25) expression -> expression . AND expression
    (26) expression -> expression . OR expression

  ! shift/reduce conflict for PLUS resolved as shift
  ! shift/reduce conflict for MINUS resolved as shift
  ! shift/reduce conflict for MULTIPLY resolved as shift
  ! shift/reduce conflict for DIVIDE resolved as shift
  ! shift/reduce conflict for GREATERTHAN resolved as shift
  ! shift/reduce conflict for LESSTHAN resolved as shift
  ! shift/reduce conflict for EQUALS resolved as shift
  ! shift/reduce conflict for NOTEQUALS resolved as shift
  ! shift/reduce conflict for AND resolved as shift
  ! shift/reduce conflict for OR resolved as shift
    RPAREN          reduce using rule 25 (expression -> expression AND expression .)
    LET             reduce using rule 25 (expression -> expression AND expression .)
    VAR             reduce using rule 25 (expression -> expression AND expression .)
    PRINT           reduce using rule 25 (expression -> expression AND expression .)
    $end            reduce using rule 25 (expression -> expression AND expression .)
    PLUS            shift and go to state 25
    MINUS           shift and go to state 26
    MULTIPLY        shift and go to state 27
    DIVIDE          shift and go to state 28
    GREATERTHAN     shift and go to state 29
    LESSTHAN        shift and go to state 30
    EQUALS          shift and go to state 31
    NOTEQUALS       shift and go to state 32
    AND             shift and go to state 33
    OR              shift and go to state 34

  ! PLUS            [ reduce using rule 25 (expression -> expression AND expression .) ]
  ! MINUS           [ reduce using rule 25 (expression -> expression AND expression .) ]
  ! MULTIPLY        [ reduce using rule 25 (expression -> expression AND expression .) ]
  ! DIVIDE          [ reduce using rule 25 (expression -> expression AND expression .) ]
  ! GREATERTHAN     [ reduce using rule 25 (expression -> expression AND expression .) ]
  ! LESSTHAN        [ reduce using rule 25 (expression -> expression AND expression .) ]
  ! EQUALS          [ reduce using rule 25 (expression -> expression AND expression .) ]
  ! NOTEQUALS       [ reduce using rule 25 (expression -> expression AND expression .) ]
  ! AND             [ reduce using rule 25 (expression -> expression AND expression .) ]
  ! OR              [ reduce using rule 25 (expression -> expression AND expression .) ]


state 46

    (26) expression -> expression OR expression .
    (17) expression -> expression . PLUS expression
    (18) expression -> expression . MINUS expression
    (19) expression -> expression . MULTIPLY expression
    (20) expression -> expression . DIVIDE expression
    (21) expression -> expression . GREATERTHAN expression
    (22) expression -> expression . LESSTHAN expression
    (23) expression -> expression . EQUALS expression
    (24) expression -> expression . NOTEQUALS expression
    (25) expression -> expression . AND expression
    (26) expression -> expression . OR expression

  ! shift/reduce conflict for PLUS resolved as shift
  ! shift/reduce conflict for MINUS resolved as shift
  ! shift/reduce conflict for MULTIPLY resolved as shift
  ! shift/reduce conflict for DIVIDE resolved as shift
  ! shift/reduce conflict for GREATERTHAN resolved as shift
  ! shift/reduce conflict for LESSTHAN resolved as shift
  ! shift/reduce conflict for EQUALS resolved as shift
  ! shift/reduce conflict for NOTEQUALS resolved as shift
  ! shift/reduce conflict for AND resolved as shift
  ! shift/reduce conflict for OR resolved as shift
    RPAREN          reduce using rule 26 (expression -> expression OR expression .)
    LET             reduce using rule 26 (expression -> expression OR expression .)
    VAR             reduce using rule 26 (expression -> expression OR expression .)
    PRINT           reduce using rule 26 (expression -> expression OR expression .)
    $end            reduce using rule 26 (expression -> expression OR expression .)
    PLUS            shift and go to state 25
    MINUS           shift and go to state 26
    MULTIPLY        shift and go to state 27
    DIVIDE          shift and go to state 28
    GREATERTHAN     shift and go to state 29
    LESSTHAN        shift and go to state 30
    EQUALS          shift and go to state 31
    NOTEQUALS       shift and go to state 32
    AND             shift and go to state 33
    OR              shift and go to state 34

  ! PLUS            [ reduce using rule 26 (expression -> expression OR expression .) ]
  ! MINUS           [ reduce using rule 26 (expression -> expression OR expression .) ]
  ! MULTIPLY        [ reduce using rule 26 (expression -> expression OR expression .) ]
  ! DIVIDE          [ reduce using rule 26 (expression -> expression OR expression .) ]
  ! GREATERTHAN     [ reduce using rule 26 (expression -> expression OR expression .) ]
  ! LESSTHAN        [ reduce using rule 26 (expression -> expression OR expression .) ]
  ! EQUALS          [ reduce using rule 26 (expression -> expression OR expression .) ]
  ! NOTEQUALS       [ reduce using rule 26 (expression -> expression OR expression .) ]
  ! AND             [ reduce using rule 26 (expression -> expression OR expression .) ]
  ! OR              [ reduce using rule 26 (expression -> expression OR expression .) ]

WARNING: 
WARNING: Conflicts:
WARNING: 
WARNING: shift/reduce conflict for PLUS in state 35 resolved as shift
WARNING: shift/reduce conflict for MINUS in state 35 resolved as shift
WARNING: shift/reduce conflict for MULTIPLY in state 35 resolved as shift
WARNING: shift/reduce conflict for DIVIDE in state 35 resolved as shift
WARNING: shift/reduce conflict for GREATERTHAN in state 35 resolved as shift
WARNING: shift/reduce conflict for LESSTHAN in state 35 resolved as shift
WARNING: shift/reduce conflict for EQUALS in state 35 resolved as shift
WARNING: shift/reduce conflict for NOTEQUALS in state 35 resolved as shift
WARNING: shift/reduce conflict for AND in state 35 resolved as shift
WARNING: shift/reduce conflict for OR in state 35 resolved as shift
WARNING: shift/reduce conflict for PLUS in state 37 resolved as shift
WARNING: shift/reduce conflict for MINUS in state 37 resolved as shift
WARNING: shift/reduce conflict for MULTIPLY in state 37 resolved as shift
WARNING: shift/reduce conflict for DIVIDE in state 37 resolved as shift
WARNING: shift/reduce conflict for GREATERTHAN in state 37 resolved as shift
WARNING: shift/reduce conflict for LESSTHAN in state 37 resolved as shift
WARNING: shift/reduce conflict for EQUALS in state 37 resolved as shift
WARNING: shift/reduce conflict for NOTEQUALS in state 37 resolved as shift
WARNING: shift/reduce conflict for AND in state 37 resolved as shift
WARNING: shift/reduce conflict for OR in state 37 resolved as shift
WARNING: shift/reduce conflict for PLUS in state 38 resolved as shift
WARNING: shift/reduce conflict for MINUS in state 38 resolved as shift
WARNING: shift/reduce conflict for MULTIPLY in state 38 resolved as shift
WARNING: shift/reduce conflict for DIVIDE in state 38 resolved as shift
WARNING: shift/reduce conflict for GREATERTHAN in state 38 resolved as shift
WARNING: shift/reduce conflict for LESSTHAN in state 38 resolved as shift
WARNING: shift/reduce conflict for EQUALS in state 38 resolved as shift
WARNING: shift/reduce conflict for NOTEQUALS in state 38 resolved as shift
WARNING: shift/reduce conflict for AND in state 38 resolved as shift
WARNING: shift/reduce conflict for OR in state 38 resolved as shift
WARNING: shift/reduce conflict for PLUS in state 39 resolved as shift
WARNING: shift/reduce conflict for MINUS in state 39 resolved as shift
WARNING: shift/reduce conflict for MULTIPLY in state 39 resolved as shift
WARNING: shift/reduce conflict for DIVIDE in state 39 resolved as shift
WARNING: shift/reduce conflict for GREATERTHAN in state 39 resolved as shift
WARNING: shift/reduce conflict for LESSTHAN in state 39 resolved as shift
WARNING: shift/reduce conflict for EQUALS in state 39 resolved as shift
WARNING: shift/reduce conflict for NOTEQUALS in state 39 resolved as shift
WARNING: shift/reduce conflict for AND in state 39 resolved as shift
WARNING: shift/reduce conflict for OR in state 39 resolved as shift
WARNING: shift/reduce conflict for PLUS in state 40 resolved as shift
WARNING: shift/reduce conflict for MINUS in state 40 resolved as shift
WARNING: shift/reduce conflict for MULTIPLY in state 40 resolved as shift
WARNING: shift/reduce conflict for DIVIDE in state 40 resolved as shift
WARNING: shift/reduce conflict for GREATERTHAN in state 40 resolved as shift
WARNING: shift/reduce conflict for LESSTHAN in state 40 resolved as shift
WARNING: shift/reduce conflict for EQUALS in state 40 resolved as shift
WARNING: shift/reduce conflict for NOTEQUALS in state 40 resolved as shift
WARNING: shift/reduce conflict for AND in state 40 resolved as shift
WARNING: shift/reduce conflict for OR in state 40 resolved as shift
WARNING: shift/reduce conflict for PLUS in state 41 resolved as shift
WARNING: shift/reduce conflict for MINUS in state 41 resolved as shift
WARNING: shift/reduce conflict for MULTIPLY in state 41 resolved as shift
WARNING: shift/reduce conflict for DIVIDE in state 41 resolved as shift
WARNING: shift/reduce conflict for GREATERTHAN in state 41 resolved as shift
WARNING: shift/reduce conflict for LESSTHAN in state 41 resolved as shift
WARNING: shift/reduce conflict for EQUALS in state 41 resolved as shift
WARNING: shift/reduce conflict for NOTEQUALS in state 41 resolved as shift
WARNING: shift/reduce conflict for AND in state 41 resolved as shift
WARNING: shift/reduce conflict for OR in state 41 resolved as shift
WARNING: shift/reduce conflict for PLUS in state 42 resolved as shift
WARNING: shift/reduce conflict for MINUS in state 42 resolved as shift
WARNING: shift/reduce conflict for MULTIPLY in state 42 resolved as shift
WARNING: shift/reduce conflict for DIVIDE in state 42 resolved as shift
WARNING: shift/reduce conflict for GREATERTHAN in state 42 resolved as shift
WARNING: shift/reduce conflict for LESSTHAN in state 42 resolved as shift
WARNING: shift/reduce conflict for EQUALS in state 42 resolved as shift
WARNING: shift/reduce conflict for NOTEQUALS in state 42 resolved as shift
WARNING: shift/reduce conflict for AND in state 42 resolved as shift
WARNING: shift/reduce conflict for OR in state 42 resolved as shift
WARNING: shift/reduce conflict for PLUS in state 43 resolved as shift
WARNING: shift/reduce conflict for MINUS in state 43 resolved as shift
WARNING: shift/reduce conflict for MULTIPLY in state 43 resolved as shift
WARNING: shift/reduce conflict for DIVIDE in state 43 resolved as shift
WARNING: shift/reduce conflict for GREATERTHAN in state 43 resolved as shift
WARNING: shift/reduce conflict for LESSTHAN in state 43 resolved as shift
WARNING: shift/reduce conflict for EQUALS in state 43 resolved as shift
WARNING: shift/reduce conflict for NOTEQUALS in state 43 resolved as shift
WARNING: shift/reduce conflict for AND in state 43 resolved as shift
WARNING: shift/reduce conflict for OR in state 43 resolved as shift
WARNING: shift/reduce conflict for PLUS in state 44 resolved as shift
WARNING: shift/reduce conflict for MINUS in state 44 resolved as shift
WARNING: shift/reduce conflict for MULTIPLY in state 44 resolved as shift
WARNING: shift/reduce conflict for DIVIDE in state 44 resolved as shift
WARNING: shift/reduce conflict for GREATERTHAN in state 44 resolved as shift
WARNING: shift/reduce conflict for LESSTHAN in state 44 resolved as shift
WARNING: shift/reduce conflict for EQUALS in state 44 resolved as shift
WARNING: shift/reduce conflict for NOTEQUALS in state 44 resolved as shift
WARNING: shift/reduce conflict for AND in state 44 resolved as shift
WARNING: shift/reduce conflict for OR in state 44 resolved as shift
WARNING: shift/reduce conflict for PLUS in state 45 resolved as shift
WARNING: shift/reduce conflict for MINUS in state 45 resolved as shift
WARNING: shift/reduce conflict for MULTIPLY in state 45 resolved as shift
WARNING: shift/reduce conflict for DIVIDE in state 45 resolved as shift
WARNING: shift/reduce conflict for GREATERTHAN in state 45 resolved as shift
WARNING: shift/reduce conflict for LESSTHAN in state 45 resolved as shift
WARNING: shift/reduce conflict for EQUALS in state 45 resolved as shift
WARNING: shift/reduce conflict for NOTEQUALS in state 45 resolved as shift
WARNING: shift/reduce conflict for AND in state 45 resolved as shift
WARNING: shift/reduce conflict for OR in state 45 resolved as shift
WARNING: shift/reduce conflict for PLUS in state 46 resolved as shift
WARNING: shift/reduce conflict for MINUS in state 46 resolved as shift
WARNING: shift/reduce conflict for MULTIPLY in state 46 resolved as shift
WARNING: shift/reduce conflict for DIVIDE in state 46 resolved as shift
WARNING: shift/reduce conflict for GREATERTHAN in state 46 resolved as shift
WARNING: shift/reduce conflict for LESSTHAN in state 46 resolved as shift
WARNING: shift/reduce conflict for EQUALS in state 46 resolved as shift
WARNING: shift/reduce conflict for NOTEQUALS in state 46 resolved as shift
WARNING: shift/reduce conflict for AND in state 46 resolved as shift
WARNING: shift/reduce conflict for OR in state 46 resolved as shift
